#
# There is insufficient memory for the Java Runtime Environment to continue.
# Native memory allocation (malloc) failed to allocate 1149120 bytes for Chunk::new
# Possible reasons:
#   The system is out of physical RAM or swap space
#   The process is running with CompressedOops enabled, and the Java Heap may be blocking the growth of the native heap
# Possible solutions:
#   Reduce memory load on the system
#   Increase physical memory or swap space
#   Check if swap backing store is full
#   Decrease Java heap size (-Xmx/-Xms)
#   Decrease number of Java threads
#   Decrease Java thread stack sizes (-Xss)
#   Set larger code cache with -XX:ReservedCodeCacheSize=
#   JVM is running with Unscaled Compressed Oops mode in which the Java heap is
#     placed in the first 4GB address space. The Java Heap base address is the
#     maximum limit for the native heap growth. Please use -XX:HeapBaseMinAddress
#     to set the Java Heap base and to place the Java Heap above 4GB virtual address.
# This output file may be truncated or incomplete.
#
#  Out of Memory Error (arena.cpp:168), pid=23004, tid=12188
#
# JRE version: Java(TM) SE Runtime Environment (21.0.1+12) (build 21.0.1+12-LTS-29)
# Java VM: Java HotSpot(TM) 64-Bit Server VM (21.0.1+12-LTS-29, mixed mode, sharing, tiered, compressed oops, compressed class ptrs, g1 gc, windows-amd64)
# No core dump will be written. Minidumps are not enabled by default on client versions of Windows
#

---------------  S U M M A R Y ------------

Command Line: -Dfile.encoding=UTF-8 --module-path=C:\Users\user\Documents\NetBeansProjects\project_UAS\build\classes uts.login

Host: AMD Ryzen 5 7520U with Radeon Graphics         , 8 cores, 5G,  Windows 11 , 64 bit Build 26100 (10.0.26100.2454)
Time: Tue Dec 17 23:51:47 2024 SE Asia Standard Time elapsed time: 21.768341 seconds (0d 0h 0m 21s)

---------------  T H R E A D  ---------------

Current thread (0x00000220ff2b5f60):  JavaThread "C2 CompilerThread0" daemon [_thread_in_native, id=12188, stack(0x000000cf27c00000,0x000000cf27d00000) (1024K)]


Current CompileTask:
C2:  21768 2437 %     4       sun.java2d.marlin.Renderer::_endRendering @ 335 (2646 bytes)

Stack: [0x000000cf27c00000,0x000000cf27d00000]
Native frames: (J=compiled Java code, j=interpreted, Vv=VM code, C=native code)
V  [jvm.dll+0x6c9029]
V  [jvm.dll+0x854b81]
V  [jvm.dll+0x856e5e]
V  [jvm.dll+0x857543]
V  [jvm.dll+0x280c06]
V  [jvm.dll+0xc3ead]
V  [jvm.dll+0xc43c3]
V  [jvm.dll+0x3b576c]
V  [jvm.dll+0x1e20b9]
V  [jvm.dll+0x249c22]
V  [jvm.dll+0x2490b1]
V  [jvm.dll+0x1c9ca1]
V  [jvm.dll+0x2586b9]
V  [jvm.dll+0x256c9a]
V  [jvm.dll+0x3ef1b6]
V  [jvm.dll+0x7fd728]
V  [jvm.dll+0x6c777d]
C  [ucrtbase.dll+0x14ea0]
C  [KERNEL32.DLL+0x2e8d7]
C  [ntdll.dll+0xdfbcc]


---------------  P R O C E S S  ---------------

Threads class SMR info:
_java_thread_list=0x00000220e2129e80, length=18, elements={
0x00000220ff29da40, 0x00000220ff29e6a0, 0x00000220ff2a3ef0, 0x00000220ff2a7fd0,
0x00000220ff2ad250, 0x00000220ff2aa420, 0x00000220ff2b5f60, 0x00000220ff2da320,
0x00000220ff2a9d90, 0x00000220ff2ab140, 0x00000220ff2aaab0, 0x00000220ff74b5c0,
0x00000220ff74bc50, 0x00000220ff74c2e0, 0x00000220ff74c970, 0x00000220ff74d000,
0x00000220ff74d690, 0x00000220ff74dd20
}

Java Threads: ( => current thread )
  0x00000220ff29da40 JavaThread "Reference Handler"          daemon [_thread_blocked, id=9932, stack(0x000000cf27600000,0x000000cf27700000) (1024K)]
  0x00000220ff29e6a0 JavaThread "Finalizer"                  daemon [_thread_blocked, id=7768, stack(0x000000cf27700000,0x000000cf27800000) (1024K)]
  0x00000220ff2a3ef0 JavaThread "Signal Dispatcher"          daemon [_thread_blocked, id=14660, stack(0x000000cf27800000,0x000000cf27900000) (1024K)]
  0x00000220ff2a7fd0 JavaThread "Attach Listener"            daemon [_thread_blocked, id=14664, stack(0x000000cf27900000,0x000000cf27a00000) (1024K)]
  0x00000220ff2ad250 JavaThread "Service Thread"             daemon [_thread_blocked, id=1884, stack(0x000000cf27a00000,0x000000cf27b00000) (1024K)]
  0x00000220ff2aa420 JavaThread "Monitor Deflation Thread"   daemon [_thread_blocked, id=13800, stack(0x000000cf27b00000,0x000000cf27c00000) (1024K)]
=>0x00000220ff2b5f60 JavaThread "C2 CompilerThread0"         daemon [_thread_in_native, id=12188, stack(0x000000cf27c00000,0x000000cf27d00000) (1024K)]
  0x00000220ff2da320 JavaThread "C1 CompilerThread0"         daemon [_thread_blocked, id=10044, stack(0x000000cf27d00000,0x000000cf27e00000) (1024K)]
  0x00000220ff2a9d90 JavaThread "Common-Cleaner"             daemon [_thread_blocked, id=5800, stack(0x000000cf27e00000,0x000000cf27f00000) (1024K)]
  0x00000220ff2ab140 JavaThread "Notification Thread"        daemon [_thread_blocked, id=19392, stack(0x000000cf27f00000,0x000000cf28000000) (1024K)]
  0x00000220ff2aaab0 JavaThread "Java2D Disposer"            daemon [_thread_blocked, id=6696, stack(0x000000cf28000000,0x000000cf28100000) (1024K)]
  0x00000220ff74b5c0 JavaThread "AWT-Shutdown"                      [_thread_blocked, id=11180, stack(0x000000cf28100000,0x000000cf28200000) (1024K)]
  0x00000220ff74bc50 JavaThread "AWT-Windows"                daemon [_thread_in_native, id=15124, stack(0x000000cf28200000,0x000000cf28300000) (1024K)]
  0x00000220ff74c2e0 JavaThread "AWT-EventQueue-0"                  [_thread_in_native, id=10876, stack(0x000000cf28300000,0x000000cf28400000) (1024K)]
  0x00000220ff74c970 JavaThread "DestroyJavaVM"                     [_thread_blocked, id=16280, stack(0x000000cf26e00000,0x000000cf26f00000) (1024K)]
  0x00000220ff74d000 JavaThread "D3D Screen Updater"         daemon [_thread_blocked, id=24332, stack(0x000000cf29000000,0x000000cf29100000) (1024K)]
  0x00000220ff74d690 JavaThread "TimerQueue"                 daemon [_thread_blocked, id=17136, stack(0x000000cf29100000,0x000000cf29200000) (1024K)]
  0x00000220ff74dd20 JavaThread "mysql-cj-abandoned-connection-cleanup" daemon [_thread_blocked, id=23448, stack(0x000000cf28c00000,0x000000cf28d00000) (1024K)]
Total: 18

Other Threads:
  0x00000220ff280a20 VMThread "VM Thread"                           [id=1772, stack(0x000000cf27500000,0x000000cf27600000) (1024K)]
  0x00000220ff265f70 WatcherThread "VM Periodic Task Thread"        [id=23224, stack(0x000000cf27400000,0x000000cf27500000) (1024K)]
  0x00000220f24c9530 WorkerThread "GC Thread#0"                     [id=15796, stack(0x000000cf26f00000,0x000000cf27000000) (1024K)]
  0x00000220e23af280 WorkerThread "GC Thread#1"                     [id=332, stack(0x000000cf29400000,0x000000cf29500000) (1024K)]
  0x00000220e22db6f0 WorkerThread "GC Thread#2"                     [id=22468, stack(0x000000cf29500000,0x000000cf29600000) (1024K)]
  0x00000220e1cab570 WorkerThread "GC Thread#3"                     [id=22216, stack(0x000000cf29600000,0x000000cf29700000) (1024K)]
  0x00000220ff485b30 WorkerThread "GC Thread#4"                     [id=6996, stack(0x000000cf29700000,0x000000cf29800000) (1024K)]
  0x00000220e276df30 WorkerThread "GC Thread#5"                     [id=20408, stack(0x000000cf29800000,0x000000cf29900000) (1024K)]
  0x00000220ff49eb70 WorkerThread "GC Thread#6"                     [id=12584, stack(0x000000cf29900000,0x000000cf29a00000) (1024K)]
  0x00000220ff49ef10 WorkerThread "GC Thread#7"                     [id=15524, stack(0x000000cf29a00000,0x000000cf29b00000) (1024K)]
  0x00000220f24d6010 ConcurrentGCThread "G1 Main Marker"            [id=6012, stack(0x000000cf27000000,0x000000cf27100000) (1024K)]
  0x00000220f24d7990 WorkerThread "G1 Conc#0"                       [id=11900, stack(0x000000cf27100000,0x000000cf27200000) (1024K)]
  0x00000220ff140090 ConcurrentGCThread "G1 Refine#0"               [id=8712, stack(0x000000cf27200000,0x000000cf27300000) (1024K)]
  0x00000220ff141ab0 ConcurrentGCThread "G1 Service"                [id=4260, stack(0x000000cf27300000,0x000000cf27400000) (1024K)]
Total: 14

Threads with active compile tasks:
C2 CompilerThread0    21811 2437 %     4       sun.java2d.marlin.Renderer::_endRendering @ 335 (2646 bytes)
Total: 1

VM state: not at safepoint (normal execution)

VM Mutex/Monitor currently owned by a thread: None

Heap address: 0x00000000a2c00000, size: 1492 MB, Compressed Oops mode: 32-bit

CDS archive(s) mapped at: [0x0000022091000000-0x0000022091c90000-0x0000022091c90000), size 13172736, SharedBaseAddress: 0x0000022091000000, ArchiveRelocationMode: 1.
Compressed class space mapped at: 0x0000022092000000-0x00000220d2000000, reserved size: 1073741824
Narrow klass base: 0x0000022091000000, Narrow klass shift: 0, Narrow klass range: 0x100000000

GC Precious Log:
 CardTable entry size: 512
 Card Set container configuration: InlinePtr #cards 5 size 8 Array Of Cards #cards 12 size 40 Howl #buckets 4 coarsen threshold 1843 Howl Bitmap #cards 512 size 80 coarsen threshold 460 Card regions per heap region 1 cards per card region 2048
 CPUs: 8 total, 8 available
 Memory: 5965M
 Large Page Support: Disabled
 NUMA Support: Disabled
 Compressed Oops: Enabled (32-bit)
 Heap Region Size: 1M
 Heap Min Capacity: 8M
 Heap Initial Capacity: 94M
 Heap Max Capacity: 1492M
 Pre-touch: Disabled
 Parallel Workers: 8
 Concurrent Workers: 2
 Concurrent Refinement Workers: 8
 Periodic GC: Disabled

Heap:
 garbage-first heap   total 96256K, used 7743K [0x00000000a2c00000, 0x0000000100000000)
  region size 1024K, 6 young (6144K), 3 survivors (3072K)
 Metaspace       used 17391K, committed 17600K, reserved 1114112K
  class space    used 1951K, committed 2048K, reserved 1048576K

Heap Regions: E=young(eden), S=young(survivor), O=old, HS=humongous(starts), HC=humongous(continues), CS=collection set, F=free, TAMS=top-at-mark-start, PB=parsable bottom
|   0|0x00000000a2c00000, 0x00000000a2d00000, 0x00000000a2d00000|100%| O|  |TAMS 0x00000000a2c00000| PB 0x00000000a2c00000| Untracked 
|   1|0x00000000a2d00000, 0x00000000a2e00000, 0x00000000a2e00000|100%| O|  |TAMS 0x00000000a2d00000| PB 0x00000000a2d00000| Untracked 
|   2|0x00000000a2e00000, 0x00000000a2e8ff70, 0x00000000a2f00000| 56%| O|  |TAMS 0x00000000a2e00000| PB 0x00000000a2e00000| Untracked 
|   3|0x00000000a2f00000, 0x00000000a2f00000, 0x00000000a3000000|  0%| F|  |TAMS 0x00000000a2f00000| PB 0x00000000a2f00000| Untracked 
|   4|0x00000000a3000000, 0x00000000a3000000, 0x00000000a3100000|  0%| F|  |TAMS 0x00000000a3000000| PB 0x00000000a3000000| Untracked 
|   5|0x00000000a3100000, 0x00000000a3100000, 0x00000000a3200000|  0%| F|  |TAMS 0x00000000a3100000| PB 0x00000000a3100000| Untracked 
|   6|0x00000000a3200000, 0x00000000a3200000, 0x00000000a3300000|  0%| F|  |TAMS 0x00000000a3200000| PB 0x00000000a3200000| Untracked 
|   7|0x00000000a3300000, 0x00000000a3300000, 0x00000000a3400000|  0%| F|  |TAMS 0x00000000a3300000| PB 0x00000000a3300000| Untracked 
|   8|0x00000000a3400000, 0x00000000a3400000, 0x00000000a3500000|  0%| F|  |TAMS 0x00000000a3400000| PB 0x00000000a3400000| Untracked 
|   9|0x00000000a3500000, 0x00000000a3500000, 0x00000000a3600000|  0%| F|  |TAMS 0x00000000a3500000| PB 0x00000000a3500000| Untracked 
|  10|0x00000000a3600000, 0x00000000a3600000, 0x00000000a3700000|  0%| F|  |TAMS 0x00000000a3600000| PB 0x00000000a3600000| Untracked 
|  11|0x00000000a3700000, 0x00000000a3700000, 0x00000000a3800000|  0%| F|  |TAMS 0x00000000a3700000| PB 0x00000000a3700000| Untracked 
|  12|0x00000000a3800000, 0x00000000a3800000, 0x00000000a3900000|  0%| F|  |TAMS 0x00000000a3800000| PB 0x00000000a3800000| Untracked 
|  13|0x00000000a3900000, 0x00000000a3900000, 0x00000000a3a00000|  0%| F|  |TAMS 0x00000000a3900000| PB 0x00000000a3900000| Untracked 
|  14|0x00000000a3a00000, 0x00000000a3a00000, 0x00000000a3b00000|  0%| F|  |TAMS 0x00000000a3a00000| PB 0x00000000a3a00000| Untracked 
|  15|0x00000000a3b00000, 0x00000000a3b00000, 0x00000000a3c00000|  0%| F|  |TAMS 0x00000000a3b00000| PB 0x00000000a3b00000| Untracked 
|  16|0x00000000a3c00000, 0x00000000a3c00000, 0x00000000a3d00000|  0%| F|  |TAMS 0x00000000a3c00000| PB 0x00000000a3c00000| Untracked 
|  17|0x00000000a3d00000, 0x00000000a3d00000, 0x00000000a3e00000|  0%| F|  |TAMS 0x00000000a3d00000| PB 0x00000000a3d00000| Untracked 
|  18|0x00000000a3e00000, 0x00000000a3e00000, 0x00000000a3f00000|  0%| F|  |TAMS 0x00000000a3e00000| PB 0x00000000a3e00000| Untracked 
|  19|0x00000000a3f00000, 0x00000000a3f00000, 0x00000000a4000000|  0%| F|  |TAMS 0x00000000a3f00000| PB 0x00000000a3f00000| Untracked 
|  20|0x00000000a4000000, 0x00000000a4000000, 0x00000000a4100000|  0%| F|  |TAMS 0x00000000a4000000| PB 0x00000000a4000000| Untracked 
|  21|0x00000000a4100000, 0x00000000a4100000, 0x00000000a4200000|  0%| F|  |TAMS 0x00000000a4100000| PB 0x00000000a4100000| Untracked 
|  22|0x00000000a4200000, 0x00000000a4200000, 0x00000000a4300000|  0%| F|  |TAMS 0x00000000a4200000| PB 0x00000000a4200000| Untracked 
|  23|0x00000000a4300000, 0x00000000a4300000, 0x00000000a4400000|  0%| F|  |TAMS 0x00000000a4300000| PB 0x00000000a4300000| Untracked 
|  24|0x00000000a4400000, 0x00000000a4400000, 0x00000000a4500000|  0%| F|  |TAMS 0x00000000a4400000| PB 0x00000000a4400000| Untracked 
|  25|0x00000000a4500000, 0x00000000a4500000, 0x00000000a4600000|  0%| F|  |TAMS 0x00000000a4500000| PB 0x00000000a4500000| Untracked 
|  26|0x00000000a4600000, 0x00000000a4600000, 0x00000000a4700000|  0%| F|  |TAMS 0x00000000a4600000| PB 0x00000000a4600000| Untracked 
|  27|0x00000000a4700000, 0x00000000a4700000, 0x00000000a4800000|  0%| F|  |TAMS 0x00000000a4700000| PB 0x00000000a4700000| Untracked 
|  28|0x00000000a4800000, 0x00000000a4800000, 0x00000000a4900000|  0%| F|  |TAMS 0x00000000a4800000| PB 0x00000000a4800000| Untracked 
|  29|0x00000000a4900000, 0x00000000a4900000, 0x00000000a4a00000|  0%| F|  |TAMS 0x00000000a4900000| PB 0x00000000a4900000| Untracked 
|  30|0x00000000a4a00000, 0x00000000a4a00000, 0x00000000a4b00000|  0%| F|  |TAMS 0x00000000a4a00000| PB 0x00000000a4a00000| Untracked 
|  31|0x00000000a4b00000, 0x00000000a4b00000, 0x00000000a4c00000|  0%| F|  |TAMS 0x00000000a4b00000| PB 0x00000000a4b00000| Untracked 
|  32|0x00000000a4c00000, 0x00000000a4c00000, 0x00000000a4d00000|  0%| F|  |TAMS 0x00000000a4c00000| PB 0x00000000a4c00000| Untracked 
|  33|0x00000000a4d00000, 0x00000000a4d00000, 0x00000000a4e00000|  0%| F|  |TAMS 0x00000000a4d00000| PB 0x00000000a4d00000| Untracked 
|  34|0x00000000a4e00000, 0x00000000a4e00000, 0x00000000a4f00000|  0%| F|  |TAMS 0x00000000a4e00000| PB 0x00000000a4e00000| Untracked 
|  35|0x00000000a4f00000, 0x00000000a4f00000, 0x00000000a5000000|  0%| F|  |TAMS 0x00000000a4f00000| PB 0x00000000a4f00000| Untracked 
|  36|0x00000000a5000000, 0x00000000a5000000, 0x00000000a5100000|  0%| F|  |TAMS 0x00000000a5000000| PB 0x00000000a5000000| Untracked 
|  37|0x00000000a5100000, 0x00000000a5100000, 0x00000000a5200000|  0%| F|  |TAMS 0x00000000a5100000| PB 0x00000000a5100000| Untracked 
|  38|0x00000000a5200000, 0x00000000a5200000, 0x00000000a5300000|  0%| F|  |TAMS 0x00000000a5200000| PB 0x00000000a5200000| Untracked 
|  39|0x00000000a5300000, 0x00000000a5300000, 0x00000000a5400000|  0%| F|  |TAMS 0x00000000a5300000| PB 0x00000000a5300000| Untracked 
|  40|0x00000000a5400000, 0x00000000a5400000, 0x00000000a5500000|  0%| F|  |TAMS 0x00000000a5400000| PB 0x00000000a5400000| Untracked 
|  41|0x00000000a5500000, 0x00000000a5500000, 0x00000000a5600000|  0%| F|  |TAMS 0x00000000a5500000| PB 0x00000000a5500000| Untracked 
|  42|0x00000000a5600000, 0x00000000a5600000, 0x00000000a5700000|  0%| F|  |TAMS 0x00000000a5600000| PB 0x00000000a5600000| Untracked 
|  43|0x00000000a5700000, 0x00000000a5700000, 0x00000000a5800000|  0%| F|  |TAMS 0x00000000a5700000| PB 0x00000000a5700000| Untracked 
|  44|0x00000000a5800000, 0x00000000a5800000, 0x00000000a5900000|  0%| F|  |TAMS 0x00000000a5800000| PB 0x00000000a5800000| Untracked 
|  45|0x00000000a5900000, 0x00000000a5900000, 0x00000000a5a00000|  0%| F|  |TAMS 0x00000000a5900000| PB 0x00000000a5900000| Untracked 
|  46|0x00000000a5a00000, 0x00000000a5a00000, 0x00000000a5b00000|  0%| F|  |TAMS 0x00000000a5a00000| PB 0x00000000a5a00000| Untracked 
|  47|0x00000000a5b00000, 0x00000000a5b00000, 0x00000000a5c00000|  0%| F|  |TAMS 0x00000000a5b00000| PB 0x00000000a5b00000| Untracked 
|  48|0x00000000a5c00000, 0x00000000a5c00000, 0x00000000a5d00000|  0%| F|  |TAMS 0x00000000a5c00000| PB 0x00000000a5c00000| Untracked 
|  49|0x00000000a5d00000, 0x00000000a5d00000, 0x00000000a5e00000|  0%| F|  |TAMS 0x00000000a5d00000| PB 0x00000000a5d00000| Untracked 
|  50|0x00000000a5e00000, 0x00000000a5e00000, 0x00000000a5f00000|  0%| F|  |TAMS 0x00000000a5e00000| PB 0x00000000a5e00000| Untracked 
|  51|0x00000000a5f00000, 0x00000000a5f00000, 0x00000000a6000000|  0%| F|  |TAMS 0x00000000a5f00000| PB 0x00000000a5f00000| Untracked 
|  52|0x00000000a6000000, 0x00000000a6000000, 0x00000000a6100000|  0%| F|  |TAMS 0x00000000a6000000| PB 0x00000000a6000000| Untracked 
|  53|0x00000000a6100000, 0x00000000a6100000, 0x00000000a6200000|  0%| F|  |TAMS 0x00000000a6100000| PB 0x00000000a6100000| Untracked 
|  54|0x00000000a6200000, 0x00000000a6200000, 0x00000000a6300000|  0%| F|  |TAMS 0x00000000a6200000| PB 0x00000000a6200000| Untracked 
|  55|0x00000000a6300000, 0x00000000a6300000, 0x00000000a6400000|  0%| F|  |TAMS 0x00000000a6300000| PB 0x00000000a6300000| Untracked 
|  56|0x00000000a6400000, 0x00000000a6400000, 0x00000000a6500000|  0%| F|  |TAMS 0x00000000a6400000| PB 0x00000000a6400000| Untracked 
|  57|0x00000000a6500000, 0x00000000a6500000, 0x00000000a6600000|  0%| F|  |TAMS 0x00000000a6500000| PB 0x00000000a6500000| Untracked 
|  58|0x00000000a6600000, 0x00000000a6600000, 0x00000000a6700000|  0%| F|  |TAMS 0x00000000a6600000| PB 0x00000000a6600000| Untracked 
|  59|0x00000000a6700000, 0x00000000a6700000, 0x00000000a6800000|  0%| F|  |TAMS 0x00000000a6700000| PB 0x00000000a6700000| Untracked 
|  60|0x00000000a6800000, 0x00000000a6800000, 0x00000000a6900000|  0%| F|  |TAMS 0x00000000a6800000| PB 0x00000000a6800000| Untracked 
|  61|0x00000000a6900000, 0x00000000a6900000, 0x00000000a6a00000|  0%| F|  |TAMS 0x00000000a6900000| PB 0x00000000a6900000| Untracked 
|  62|0x00000000a6a00000, 0x00000000a6a00000, 0x00000000a6b00000|  0%| F|  |TAMS 0x00000000a6a00000| PB 0x00000000a6a00000| Untracked 
|  63|0x00000000a6b00000, 0x00000000a6b00000, 0x00000000a6c00000|  0%| F|  |TAMS 0x00000000a6b00000| PB 0x00000000a6b00000| Untracked 
|  64|0x00000000a6c00000, 0x00000000a6c00000, 0x00000000a6d00000|  0%| F|  |TAMS 0x00000000a6c00000| PB 0x00000000a6c00000| Untracked 
|  65|0x00000000a6d00000, 0x00000000a6d00000, 0x00000000a6e00000|  0%| F|  |TAMS 0x00000000a6d00000| PB 0x00000000a6d00000| Untracked 
|  66|0x00000000a6e00000, 0x00000000a6e00000, 0x00000000a6f00000|  0%| F|  |TAMS 0x00000000a6e00000| PB 0x00000000a6e00000| Untracked 
|  67|0x00000000a6f00000, 0x00000000a6f00000, 0x00000000a7000000|  0%| F|  |TAMS 0x00000000a6f00000| PB 0x00000000a6f00000| Untracked 
|  68|0x00000000a7000000, 0x00000000a7100000, 0x00000000a7100000|100%| S|CS|TAMS 0x00000000a7000000| PB 0x00000000a7000000| Complete 
|  69|0x00000000a7100000, 0x00000000a7200000, 0x00000000a7200000|100%| S|CS|TAMS 0x00000000a7100000| PB 0x00000000a7100000| Complete 
|  70|0x00000000a7200000, 0x00000000a7300000, 0x00000000a7300000|100%| S|CS|TAMS 0x00000000a7200000| PB 0x00000000a7200000| Complete 
|  71|0x00000000a7300000, 0x00000000a7300000, 0x00000000a7400000|  0%| F|  |TAMS 0x00000000a7300000| PB 0x00000000a7300000| Untracked 
|  72|0x00000000a7400000, 0x00000000a7400000, 0x00000000a7500000|  0%| F|  |TAMS 0x00000000a7400000| PB 0x00000000a7400000| Untracked 
|  73|0x00000000a7500000, 0x00000000a7500000, 0x00000000a7600000|  0%| F|  |TAMS 0x00000000a7500000| PB 0x00000000a7500000| Untracked 
|  74|0x00000000a7600000, 0x00000000a7600000, 0x00000000a7700000|  0%| F|  |TAMS 0x00000000a7600000| PB 0x00000000a7600000| Untracked 
|  75|0x00000000a7700000, 0x00000000a7700000, 0x00000000a7800000|  0%| F|  |TAMS 0x00000000a7700000| PB 0x00000000a7700000| Untracked 
|  76|0x00000000a7800000, 0x00000000a7800000, 0x00000000a7900000|  0%| F|  |TAMS 0x00000000a7800000| PB 0x00000000a7800000| Untracked 
|  77|0x00000000a7900000, 0x00000000a7900000, 0x00000000a7a00000|  0%| F|  |TAMS 0x00000000a7900000| PB 0x00000000a7900000| Untracked 
|  78|0x00000000a7a00000, 0x00000000a7a00000, 0x00000000a7b00000|  0%| F|  |TAMS 0x00000000a7a00000| PB 0x00000000a7a00000| Untracked 
|  79|0x00000000a7b00000, 0x00000000a7b00000, 0x00000000a7c00000|  0%| F|  |TAMS 0x00000000a7b00000| PB 0x00000000a7b00000| Untracked 
|  80|0x00000000a7c00000, 0x00000000a7c00000, 0x00000000a7d00000|  0%| F|  |TAMS 0x00000000a7c00000| PB 0x00000000a7c00000| Untracked 
|  81|0x00000000a7d00000, 0x00000000a7d00000, 0x00000000a7e00000|  0%| F|  |TAMS 0x00000000a7d00000| PB 0x00000000a7d00000| Untracked 
|  82|0x00000000a7e00000, 0x00000000a7e00000, 0x00000000a7f00000|  0%| F|  |TAMS 0x00000000a7e00000| PB 0x00000000a7e00000| Untracked 
|  83|0x00000000a7f00000, 0x00000000a7f00000, 0x00000000a8000000|  0%| F|  |TAMS 0x00000000a7f00000| PB 0x00000000a7f00000| Untracked 
|  84|0x00000000a8000000, 0x00000000a8000000, 0x00000000a8100000|  0%| F|  |TAMS 0x00000000a8000000| PB 0x00000000a8000000| Untracked 
|  85|0x00000000a8100000, 0x00000000a8100000, 0x00000000a8200000|  0%| F|  |TAMS 0x00000000a8100000| PB 0x00000000a8100000| Untracked 
|  86|0x00000000a8200000, 0x00000000a8200000, 0x00000000a8300000|  0%| F|  |TAMS 0x00000000a8200000| PB 0x00000000a8200000| Untracked 
|  87|0x00000000a8300000, 0x00000000a8300000, 0x00000000a8400000|  0%| F|  |TAMS 0x00000000a8300000| PB 0x00000000a8300000| Untracked 
|  88|0x00000000a8400000, 0x00000000a8400000, 0x00000000a8500000|  0%| F|  |TAMS 0x00000000a8400000| PB 0x00000000a8400000| Untracked 
|  89|0x00000000a8500000, 0x00000000a8500000, 0x00000000a8600000|  0%| F|  |TAMS 0x00000000a8500000| PB 0x00000000a8500000| Untracked 
|  90|0x00000000a8600000, 0x00000000a8600000, 0x00000000a8700000|  0%| F|  |TAMS 0x00000000a8600000| PB 0x00000000a8600000| Untracked 
|  91|0x00000000a8700000, 0x00000000a87a0ca0, 0x00000000a8800000| 62%| E|  |TAMS 0x00000000a8700000| PB 0x00000000a8700000| Complete 
|  92|0x00000000a8800000, 0x00000000a8900000, 0x00000000a8900000|100%| E|CS|TAMS 0x00000000a8800000| PB 0x00000000a8800000| Complete 
|  93|0x00000000a8900000, 0x00000000a8a00000, 0x00000000a8a00000|100%| E|CS|TAMS 0x00000000a8900000| PB 0x00000000a8900000| Complete 

Card table byte_map: [0x00000220fcdf0000,0x00000220fd0e0000] _byte_map_base: 0x00000220fc8da000

Marking Bits: (CMBitMap*) 0x00000220f24c9c30
 Bits: [0x00000220fd0e0000, 0x00000220fe830000)

Polling page: 0x00000220f2410000

Metaspace:

Usage:
  Non-class:     15.08 MB used.
      Class:      1.91 MB used.
       Both:     16.98 MB used.

Virtual space:
  Non-class space:       64.00 MB reserved,      15.19 MB ( 24%) committed,  1 nodes.
      Class space:        1.00 GB reserved,       2.00 MB ( <1%) committed,  1 nodes.
             Both:        1.06 GB reserved,      17.19 MB (  2%) committed. 

Chunk freelists:
   Non-Class:  398.00 KB
       Class:  14.01 MB
        Both:  14.40 MB

MaxMetaspaceSize: unlimited
CompressedClassSpaceSize: 1.00 GB
Initial GC threshold: 21.00 MB
Current GC threshold: 21.00 MB
CDS: on
 - commit_granule_bytes: 65536.
 - commit_granule_words: 8192.
 - virtual_space_node_default_size: 8388608.
 - enlarge_chunks_in_place: 1.
 - use_allocation_guard: 0.


Internal statistics:

num_allocs_failed_limit: 0.
num_arena_births: 208.
num_arena_deaths: 0.
num_vsnodes_births: 2.
num_vsnodes_deaths: 0.
num_space_committed: 275.
num_space_uncommitted: 0.
num_chunks_returned_to_freelist: 0.
num_chunks_taken_from_freelist: 388.
num_chunk_merges: 0.
num_chunk_splits: 252.
num_chunks_enlarged: 155.
num_inconsistent_stats: 0.

CodeHeap 'non-profiled nmethods': size=120000Kb used=884Kb max_used=884Kb free=119115Kb
 bounds [0x0000022087ad0000, 0x0000022087d40000, 0x000002208f000000]
CodeHeap 'profiled nmethods': size=120000Kb used=4718Kb max_used=4718Kb free=115281Kb
 bounds [0x0000022080000000, 0x00000220804a0000, 0x0000022087530000]
CodeHeap 'non-nmethods': size=5760Kb used=1719Kb max_used=1752Kb free=4040Kb
 bounds [0x0000022087530000, 0x00000220877a0000, 0x0000022087ad0000]
 total_blobs=3221 nmethods=2466 adapters=659
 compilation: enabled
              stopped_count=0, restarted_count=0
 full_count=0

Compilation events (20 events):
Event: 20.754 Thread 0x00000220ff2da320 2461       1       sun.java2d.d3d.D3DVolatileSurfaceManager::isAccelerationEnabled (5 bytes)
Event: 20.755 Thread 0x00000220ff2da320 nmethod 2461 0x0000022087bac510 code [0x0000022087bac6a0, 0x0000022087bac770]
Event: 20.755 Thread 0x00000220ff2da320 2462       3       sun.java2d.pipe.Region::getWidth (32 bytes)
Event: 20.755 Thread 0x00000220ff2da320 nmethod 2462 0x0000022080497690 code [0x0000022080497840, 0x00000220804979f8]
Event: 20.755 Thread 0x00000220ff2da320 2463       3       sun.java2d.pipe.Region::getHeight (32 bytes)
Event: 20.755 Thread 0x00000220ff2da320 nmethod 2463 0x0000022080497a90 code [0x0000022080497c40, 0x0000022080497df8]
Event: 20.759 Thread 0x00000220ff2da320 2465       1       sun.awt.image.VolatileSurfaceManager::contentsLost (5 bytes)
Event: 20.760 Thread 0x00000220ff2da320 nmethod 2465 0x0000022087bac810 code [0x0000022087bac9a0, 0x0000022087baca70]
Event: 20.761 Thread 0x00000220ff2da320 2467       1       sun.awt.Win32GraphicsConfig::getProxyKey (5 bytes)
Event: 20.761 Thread 0x00000220ff2da320 nmethod 2467 0x0000022087bacb10 code [0x0000022087bacca0, 0x0000022087bacd68]
Event: 20.762 Thread 0x00000220ff2da320 2468       3       sun.java2d.pipe.PixelToParallelogramConverter::fillRectangle (236 bytes)
Event: 20.763 Thread 0x00000220ff2da320 nmethod 2468 0x0000022080497e90 code [0x0000022080498100, 0x0000022080498f20]
Event: 20.763 Thread 0x00000220ff2da320 2469       3       sun.java2d.SunGraphics2D::getRenderingHint (220 bytes)
Event: 20.764 Thread 0x00000220ff2da320 nmethod 2469 0x0000022080499690 code [0x00000220804999c0, 0x000002208049aa00]
Event: 20.764 Thread 0x00000220ff2da320 2471       3       sun.awt.Win32GraphicsConfig::getDevice (5 bytes)
Event: 20.764 Thread 0x00000220ff2da320 nmethod 2471 0x000002208049b090 code [0x000002208049b220, 0x000002208049b3c8]
Event: 20.764 Thread 0x00000220ff2da320 2472       1       javax.swing.DefaultBoundedRangeModel::getValue (5 bytes)
Event: 20.764 Thread 0x00000220ff2da320 nmethod 2472 0x0000022087bace10 code [0x0000022087bacfa0, 0x0000022087bad068]
Event: 21.296 Thread 0x00000220ff2da320 2473       3       sun.java2d.StateTrackableDelegate$1::isCurrent (17 bytes)
Event: 21.296 Thread 0x00000220ff2da320 nmethod 2473 0x000002208049b490 code [0x000002208049b640, 0x000002208049b7b8]

GC Heap History (2 events):
Event: 16.505 GC heap before
{Heap before GC invocations=0 (full 0):
 garbage-first heap   total 96256K, used 22528K [0x00000000a2c00000, 0x0000000100000000)
  region size 1024K, 23 young (23552K), 0 survivors (0K)
 Metaspace       used 16311K, committed 16576K, reserved 1114112K
  class space    used 1787K, committed 1920K, reserved 1048576K
}
Event: 16.517 GC heap after
{Heap after GC invocations=1 (full 0):
 garbage-first heap   total 96256K, used 5695K [0x00000000a2c00000, 0x0000000100000000)
  region size 1024K, 3 young (3072K), 3 survivors (3072K)
 Metaspace       used 16311K, committed 16576K, reserved 1114112K
  class space    used 1787K, committed 1920K, reserved 1048576K
}

Dll operation events (10 events):
Event: 0.010 Loaded shared library C:\Program Files\Java\jdk-21\bin\java.dll
Event: 0.042 Loaded shared library C:\Program Files\Java\jdk-21\bin\jsvml.dll
Event: 0.081 Loaded shared library C:\Program Files\Java\jdk-21\bin\net.dll
Event: 0.084 Loaded shared library C:\Program Files\Java\jdk-21\bin\nio.dll
Event: 0.113 Loaded shared library C:\Program Files\Java\jdk-21\bin\zip.dll
Event: 0.133 Loaded shared library C:\Program Files\Java\jdk-21\bin\jimage.dll
Event: 0.154 Loaded shared library C:\Program Files\Java\jdk-21\bin\awt.dll
Event: 0.298 Loaded shared library C:\Program Files\Java\jdk-21\bin\freetype.dll
Event: 0.299 Loaded shared library C:\Program Files\Java\jdk-21\bin\fontmanager.dll
Event: 6.274 Loaded shared library C:\Program Files\Java\jdk-21\bin\extnet.dll

Deoptimization events (20 events):
Event: 6.574 Thread 0x00000220ff74c2e0 DEOPT PACKING pc=0x000002208022bb5a sp=0x000000cf283fc110
Event: 6.574 Thread 0x00000220ff74c2e0 DEOPT UNPACKING pc=0x0000022087584e42 sp=0x000000cf283fb5c0 mode 0
Event: 7.322 Thread 0x00000220ff74c2e0 Uncommon trap: trap_request=0xffffffde fr.pc=0x0000022087b10684 relative=0x0000000000000544
Event: 7.322 Thread 0x00000220ff74c2e0 Uncommon trap: reason=class_check action=maybe_recompile pc=0x0000022087b10684 method=java.util.regex.Pattern$BmpCharPropertyGreedy.match(Ljava/util/regex/Matcher;ILjava/lang/CharSequence;)Z @ 26 c2
Event: 7.322 Thread 0x00000220ff74c2e0 DEOPT PACKING pc=0x0000022087b10684 sp=0x000000cf283fd480
Event: 7.322 Thread 0x00000220ff74c2e0 DEOPT UNPACKING pc=0x00000220875846a2 sp=0x000000cf283fd358 mode 2
Event: 16.554 Thread 0x00000220ff74c2e0 Uncommon trap: trap_request=0xffffff45 fr.pc=0x0000022087b488b8 relative=0x0000000000000098
Event: 16.554 Thread 0x00000220ff74c2e0 Uncommon trap: reason=unstable_if action=reinterpret pc=0x0000022087b488b8 method=java.awt.Component.inside(II)Z @ 13 c2
Event: 16.554 Thread 0x00000220ff74c2e0 DEOPT PACKING pc=0x0000022087b488b8 sp=0x000000cf283feb50
Event: 16.554 Thread 0x00000220ff74c2e0 DEOPT UNPACKING pc=0x00000220875846a2 sp=0x000000cf283fe9e0 mode 2
Event: 19.552 Thread 0x00000220ff74c2e0 Uncommon trap: trap_request=0xffffff45 fr.pc=0x0000022087b241c4 relative=0x0000000000000fa4
Event: 19.552 Thread 0x00000220ff74c2e0 Uncommon trap: reason=unstable_if action=reinterpret pc=0x0000022087b241c4 method=javax.swing.plaf.nimbus.DerivedColor.equals(Ljava/lang/Object;)Z @ 77 c2
Event: 19.552 Thread 0x00000220ff74c2e0 DEOPT PACKING pc=0x0000022087b241c4 sp=0x000000cf283fd2f0
Event: 19.552 Thread 0x00000220ff74c2e0 DEOPT UNPACKING pc=0x00000220875846a2 sp=0x000000cf283fd150 mode 2
Event: 19.682 Thread 0x00000220ff74c2e0 DEOPT PACKING pc=0x00000220802aef1e sp=0x000000cf283fce50
Event: 19.683 Thread 0x00000220ff74c2e0 DEOPT UNPACKING pc=0x0000022087584e42 sp=0x000000cf283fc248 mode 0
Event: 19.696 Thread 0x00000220ff74c2e0 DEOPT PACKING pc=0x00000220802aed4a sp=0x000000cf283fcf70
Event: 19.696 Thread 0x00000220ff74c2e0 DEOPT UNPACKING pc=0x0000022087584e42 sp=0x000000cf283fc368 mode 0
Event: 19.708 Thread 0x00000220ff74c2e0 DEOPT PACKING pc=0x00000220802aed4a sp=0x000000cf283fcf70
Event: 20.722 Thread 0x00000220ff74c2e0 DEOPT UNPACKING pc=0x0000022087584e42 sp=0x000000cf283fc368 mode 0

Classes loaded (20 events):
Event: 19.623 Loading class javax/swing/text/CompositeView
Event: 19.624 Loading class javax/swing/text/CompositeView done
Event: 19.624 Loading class javax/swing/text/BoxView done
Event: 19.624 Loading class javax/swing/text/FlowView done
Event: 19.624 Loading class javax/swing/text/ParagraphView done
Event: 19.624 Loading class javax/swing/plaf/basic/BasicTextFieldUI$I18nFieldView done
Event: 19.624 Loading class java/awt/Component$BaselineResizeBehavior
Event: 19.624 Loading class java/awt/Component$BaselineResizeBehavior done
Event: 19.624 Loading class javax/swing/GroupLayout$1
Event: 19.624 Loading class javax/swing/GroupLayout$1 done
Event: 19.638 Loading class java/util/Vector$1
Event: 19.638 Loading class java/util/Vector$1 done
Event: 19.643 Loading class javax/swing/JTable$2
Event: 19.644 Loading class javax/swing/JTable$Resizable3
Event: 19.644 Loading class javax/swing/JTable$Resizable2
Event: 19.644 Loading class javax/swing/JTable$Resizable2 done
Event: 19.644 Loading class javax/swing/JTable$Resizable3 done
Event: 19.644 Loading class javax/swing/JTable$2 done
Event: 19.644 Loading class javax/swing/JTable$5
Event: 19.644 Loading class javax/swing/JTable$5 done

Classes unloaded (0 events):
No events

Classes redefined (0 events):
No events

Internal exceptions (20 events):
Event: 0.352 Thread 0x00000220f22575d0 Exception <a 'java/lang/ClassNotFoundException'{0x00000000a84dd770}: com/sun/swing/internal/plaf/basic/resources/spi/basicProvider> (0x00000000a84dd770) 
thrown [s\open\src\hotspot\share\classfile\systemDictionary.cpp, line 312]
Event: 0.493 Thread 0x00000220ff74c2e0 Exception <a 'java/lang/ClassNotFoundException'{0x00000000a8391d30}: com/sun/swing/internal/plaf/synth/resources/spi/synthProvider> (0x00000000a8391d30) 
thrown [s\open\src\hotspot\share\classfile\systemDictionary.cpp, line 312]
Event: 0.513 Thread 0x00000220ff74c2e0 Exception <a 'java/lang/NoSuchMethodError'{0x00000000a83d4da0}: 'int java.lang.invoke.Invokers$Holder.invokeExact_MT(java.lang.Object, java.lang.Object)'> (0x00000000a83d4da0) 
thrown [s\open\src\hotspot\share\interpreter\linkResolver.cpp, line 773]
Event: 0.519 Thread 0x00000220ff74c2e0 Exception <a 'java/lang/NoSuchMethodError'{0x00000000a83dd1f0}: 'java.lang.Object java.lang.invoke.DirectMethodHandle$Holder.newInvokeSpecial(java.lang.Object, java.lang.Object, int)'> (0x00000000a83dd1f0) 
thrown [s\open\src\hotspot\share\interpreter\linkResolver.cpp, line 773]
Event: 0.519 Thread 0x00000220ff74c2e0 Exception <a 'java/lang/NoSuchMethodError'{0x00000000a83e20a0}: 'int java.lang.invoke.DirectMethodHandle$Holder.invokeSpecial(java.lang.Object, java.lang.Object, java.lang.Object, int)'> (0x00000000a83e20a0) 
thrown [s\open\src\hotspot\share\interpreter\linkResolver.cpp, line 773]
Event: 0.521 Thread 0x00000220ff74c2e0 Exception <a 'java/lang/NoSuchMethodError'{0x00000000a8208ac0}: 'java.lang.Object java.lang.invoke.DirectMethodHandle$Holder.invokeStatic(java.lang.Object, java.lang.Object, java.lang.Object, java.lang.Object, int)'> (0x00000000a8208ac0) 
thrown [s\open\src\hotspot\share\interpreter\linkResolver.cpp, line 773]
Event: 0.522 Thread 0x00000220ff74c2e0 Exception <a 'java/lang/NoSuchMethodError'{0x00000000a8210eb8}: 'int java.lang.invoke.DirectMethodHandle$Holder.invokeSpecial(java.lang.Object, java.lang.Object, java.lang.Object)'> (0x00000000a8210eb8) 
thrown [s\open\src\hotspot\share\interpreter\linkResolver.cpp, line 773]
Event: 0.599 Thread 0x00000220ff74af30 Exception <a 'java/lang/NoSuchMethodError'{0x00000000a8019f58}: 'java.lang.Object java.lang.invoke.DirectMethodHandle$Holder.newInvokeSpecial(java.lang.Object, java.lang.Object, java.lang.Object, int, int, int, int, int)'> (0x00000000a8019f58) 
thrown [s\open\src\hotspot\share\interpreter\linkResolver.cpp, line 773]
Event: 0.631 Thread 0x00000220ff74bc50 Exception <a 'java/lang/NoSuchMethodError'{0x00000000a850e738}: 'void java.lang.invoke.DirectMethodHandle$Holder.invokeVirtual(java.lang.Object, java.lang.Object)'> (0x00000000a850e738) 
thrown [s\open\src\hotspot\share\interpreter\linkResolver.cpp, line 773]
Event: 0.649 Thread 0x00000220ff74c2e0 Exception <a 'java/lang/NoSuchMethodError'{0x00000000a8260078}: 'void java.lang.invoke.DirectMethodHandle$Holder.invokeStaticInit(java.lang.Object)'> (0x00000000a8260078) 
thrown [s\open\src\hotspot\share\interpreter\linkResolver.cpp, line 773]
Event: 0.705 Thread 0x00000220ff74c2e0 Exception <a 'java/io/FileNotFoundException'{0x00000000a7f0e490}> (0x00000000a7f0e490) 
thrown [s\open\src\hotspot\share\prims\jni.cpp, line 520]
Event: 0.716 Thread 0x00000220ff74c2e0 Exception <a 'java/io/FileNotFoundException'{0x00000000a7f2b7b8}> (0x00000000a7f2b7b8) 
thrown [s\open\src\hotspot\share\prims\jni.cpp, line 520]
Event: 0.719 Thread 0x00000220ff74c2e0 Exception <a 'java/io/FileNotFoundException'{0x00000000a7f31af0}> (0x00000000a7f31af0) 
thrown [s\open\src\hotspot\share\prims\jni.cpp, line 520]
Event: 6.102 Thread 0x00000220ff74c2e0 Exception <a 'java/lang/NoSuchMethodError'{0x00000000a7c5ef88}: 'void java.lang.invoke.DirectMethodHandle$Holder.invokeStatic(java.lang.Object, java.lang.Object)'> (0x00000000a7c5ef88) 
thrown [s\open\src\hotspot\share\interpreter\linkResolver.cpp, line 773]
Event: 6.140 Thread 0x00000220ff74c2e0 Exception <a 'java/lang/NoSuchMethodError'{0x00000000a7b71348}: 'java.lang.Object java.lang.invoke.DirectMethodHandle$Holder.invokeInterface(java.lang.Object, java.lang.Object)'> (0x00000000a7b71348) 
thrown [s\open\src\hotspot\share\interpreter\linkResolver.cpp, line 773]
Event: 6.164 Thread 0x00000220ff74c2e0 Exception <a 'java/lang/NoSuchMethodError'{0x00000000a7bf8798}: 'void java.lang.invoke.DirectMethodHandle$Holder.invokeStatic(java.lang.Object, java.lang.Object, java.lang.Object)'> (0x00000000a7bf8798) 
thrown [s\open\src\hotspot\share\interpreter\linkResolver.cpp, line 773]
Event: 6.166 Thread 0x00000220ff74c2e0 Exception <a 'java/lang/NoSuchMethodError'{0x00000000a7a01bb0}: 'java.lang.Object java.lang.invoke.DirectMethodHandle$Holder.invokeVirtual(java.lang.Object, java.lang.Object, java.lang.Object)'> (0x00000000a7a01bb0) 
thrown [s\open\src\hotspot\share\interpreter\linkResolver.cpp, line 773]
Event: 6.516 Thread 0x00000220ff74c2e0 Exception <a 'java/lang/NoSuchMethodError'{0x00000000a733c568}: 'int java.lang.invoke.DirectMethodHandle$Holder.invokeStatic(java.lang.Object)'> (0x00000000a733c568) 
thrown [s\open\src\hotspot\share\interpreter\linkResolver.cpp, line 773]
Event: 7.323 Thread 0x00000220ff74c2e0 Exception <a 'java/lang/NoSuchMethodError'{0x00000000a73d5ed0}: 'void java.lang.invoke.DirectMethodHandle$Holder.invokeStaticInit(java.lang.Object, java.lang.Object)'> (0x00000000a73d5ed0) 
thrown [s\open\src\hotspot\share\interpreter\linkResolver.cpp, line 773]
Event: 7.327 Thread 0x00000220ff74c2e0 Exception <a 'java/lang/NoSuchMethodError'{0x00000000a73ea428}: 'void java.lang.invoke.DirectMethodHandle$Holder.invokeInterface(java.lang.Object, java.lang.Object)'> (0x00000000a73ea428) 
thrown [s\open\src\hotspot\share\interpreter\linkResolver.cpp, line 773]

ZGC Phase Switch (0 events):
No events

VM Operations (20 events):
Event: 16.505 Executing VM operation: G1CollectForAllocation (G1 Evacuation Pause)
Event: 16.517 Executing VM operation: G1CollectForAllocation (G1 Evacuation Pause) done
Event: 17.521 Executing VM operation: Cleanup
Event: 17.521 Executing VM operation: Cleanup done
Event: 18.532 Executing VM operation: Cleanup
Event: 18.532 Executing VM operation: Cleanup done
Event: 18.740 Executing VM operation: HandshakeAllThreads (Deoptimize)
Event: 18.740 Executing VM operation: HandshakeAllThreads (Deoptimize) done
Event: 19.571 Executing VM operation: HandshakeAllThreads (Deoptimize)
Event: 19.571 Executing VM operation: HandshakeAllThreads (Deoptimize) done
Event: 19.571 Executing VM operation: Cleanup
Event: 19.571 Executing VM operation: Cleanup done
Event: 19.587 Executing VM operation: HandshakeAllThreads (Deoptimize)
Event: 19.587 Executing VM operation: HandshakeAllThreads (Deoptimize) done
Event: 19.594 Executing VM operation: HandshakeAllThreads (Deoptimize)
Event: 19.594 Executing VM operation: HandshakeAllThreads (Deoptimize) done
Event: 20.606 Executing VM operation: Cleanup
Event: 20.737 Executing VM operation: Cleanup done
Event: 21.747 Executing VM operation: Cleanup
Event: 21.748 Executing VM operation: Cleanup done

Events (20 events):
Event: 0.040 Thread 0x00000220ff2a7fd0 Thread added: 0x00000220ff2a7fd0
Event: 0.040 Thread 0x00000220ff2ad250 Thread added: 0x00000220ff2ad250
Event: 0.040 Thread 0x00000220ff2aa420 Thread added: 0x00000220ff2aa420
Event: 0.040 Thread 0x00000220ff2b5f60 Thread added: 0x00000220ff2b5f60
Event: 0.041 Thread 0x00000220ff2da320 Thread added: 0x00000220ff2da320
Event: 0.063 Thread 0x00000220ff2a9d90 Thread added: 0x00000220ff2a9d90
Event: 0.106 Thread 0x00000220ff2ab140 Thread added: 0x00000220ff2ab140
Event: 0.212 Thread 0x00000220ff2aaab0 Thread added: 0x00000220ff2aaab0
Event: 0.214 Thread 0x00000220ff74b5c0 Thread added: 0x00000220ff74b5c0
Event: 0.216 Thread 0x00000220ff74bc50 Thread added: 0x00000220ff74bc50
Event: 0.366 Thread 0x00000220ff74c2e0 Thread added: 0x00000220ff74c2e0
Event: 0.366 Thread 0x00000220f22575d0 Thread exited: 0x00000220f22575d0
Event: 0.366 Thread 0x00000220ff74c970 Thread added: 0x00000220ff74c970
Event: 0.540 Thread 0x00000220ff74af30 Thread added: 0x00000220ff74af30
Event: 0.899 Thread 0x00000220ff74d000 Thread added: 0x00000220ff74d000
Event: 1.169 Thread 0x00000220ff74d690 Thread added: 0x00000220ff74d690
Event: 5.808 Thread 0x00000220ff74af30 Thread exited: 0x00000220ff74af30
Event: 6.104 Thread 0x00000220ff74dd20 Thread added: 0x00000220ff74dd20
Event: 6.161 Thread 0x00000220d724ef60 Thread added: 0x00000220d724ef60
Event: 6.935 Thread 0x00000220d724ef60 Thread exited: 0x00000220d724ef60


Dynamic libraries:
0x00007ff6a62c0000 - 0x00007ff6a62d0000 	C:\Program Files\Java\jdk-21\bin\java.exe
0x00007ffa50120000 - 0x00007ffa50383000 	C:\WINDOWS\SYSTEM32\ntdll.dll
0x00007ffa4f0f0000 - 0x00007ffa4f1b8000 	C:\WINDOWS\System32\KERNEL32.DLL
0x00007ffa4d620000 - 0x00007ffa4d9d2000 	C:\WINDOWS\System32\KERNELBASE.dll
0x00007ffa4d9e0000 - 0x00007ffa4db2b000 	C:\WINDOWS\System32\ucrtbase.dll
0x00007ffa47fc0000 - 0x00007ffa47fd9000 	C:\Program Files\Java\jdk-21\bin\jli.dll
0x00007ffa4fa70000 - 0x00007ffa4fb24000 	C:\WINDOWS\System32\ADVAPI32.dll
0x00007ffa4f1d0000 - 0x00007ffa4f279000 	C:\WINDOWS\System32\msvcrt.dll
0x00007ffa316b0000 - 0x00007ffa316cb000 	C:\Program Files\Java\jdk-21\bin\VCRUNTIME140.dll
0x00007ffa4dfe0000 - 0x00007ffa4e086000 	C:\WINDOWS\System32\sechost.dll
0x00007ffa4eb40000 - 0x00007ffa4ec56000 	C:\WINDOWS\System32\RPCRT4.dll
0x00007ffa4e8b0000 - 0x00007ffa4ea78000 	C:\WINDOWS\System32\USER32.dll
0x00007ffa4db30000 - 0x00007ffa4db57000 	C:\WINDOWS\System32\win32u.dll
0x00007ffa4ea90000 - 0x00007ffa4eaba000 	C:\WINDOWS\System32\GDI32.dll
0x00007ffa4d4f0000 - 0x00007ffa4d61b000 	C:\WINDOWS\System32\gdi32full.dll
0x00007ffa4de40000 - 0x00007ffa4dee3000 	C:\WINDOWS\System32\msvcp_win.dll
0x00007ffa33af0000 - 0x00007ffa33d80000 	C:\WINDOWS\WinSxS\amd64_microsoft.windows.common-controls_6595b64144ccf1df_6.0.26100.2454_none_3e0b68a2e331ad60\COMCTL32.dll
0x00007ffa43c80000 - 0x00007ffa43c8b000 	C:\WINDOWS\SYSTEM32\VERSION.dll
0x00007ffa500a0000 - 0x00007ffa500cf000 	C:\WINDOWS\System32\IMM32.DLL
0x00007ffa32500000 - 0x00007ffa3250c000 	C:\Program Files\Java\jdk-21\bin\vcruntime140_1.dll
0x00007ffa0c6a0000 - 0x00007ffa0c72e000 	C:\Program Files\Java\jdk-21\bin\msvcp140.dll
0x00007ff9f4180000 - 0x00007ff9f4e95000 	C:\Program Files\Java\jdk-21\bin\server\jvm.dll
0x00007ffa4e830000 - 0x00007ffa4e8a4000 	C:\WINDOWS\System32\WS2_32.dll
0x00007ffa4d2d0000 - 0x00007ffa4d31e000 	C:\WINDOWS\SYSTEM32\POWRPROF.dll
0x00007ffa43370000 - 0x00007ffa433a6000 	C:\WINDOWS\SYSTEM32\WINMM.dll
0x00007ffa4d1a0000 - 0x00007ffa4d1b4000 	C:\WINDOWS\SYSTEM32\UMPDC.dll
0x00007ffa4c330000 - 0x00007ffa4c34a000 	C:\WINDOWS\SYSTEM32\kernel.appcore.dll
0x00007ffa32270000 - 0x00007ffa3227a000 	C:\Program Files\Java\jdk-21\bin\jimage.dll
0x00007ffa4af40000 - 0x00007ffa4b181000 	C:\WINDOWS\SYSTEM32\DBGHELP.DLL
0x00007ffa4e4a0000 - 0x00007ffa4e81e000 	C:\WINDOWS\System32\combase.dll
0x00007ffa4e3c0000 - 0x00007ffa4e496000 	C:\WINDOWS\System32\OLEAUT32.dll
0x00007ffa15da0000 - 0x00007ffa15dd9000 	C:\WINDOWS\SYSTEM32\dbgcore.DLL
0x00007ffa4db60000 - 0x00007ffa4dbf9000 	C:\WINDOWS\System32\bcryptPrimitives.dll
0x00007ffa1cad0000 - 0x00007ffa1caef000 	C:\Program Files\Java\jdk-21\bin\java.dll
0x00007ffa4f360000 - 0x00007ffa4fa60000 	C:\WINDOWS\System32\SHELL32.dll
0x00007ffa4b1e0000 - 0x00007ffa4ba11000 	C:\WINDOWS\SYSTEM32\windows.storage.dll
0x00007ffa4f280000 - 0x00007ffa4f35a000 	C:\WINDOWS\System32\SHCORE.dll
0x00007ffa50040000 - 0x00007ffa5009d000 	C:\WINDOWS\System32\shlwapi.dll
0x00007ffa4d400000 - 0x00007ffa4d42e000 	C:\WINDOWS\SYSTEM32\profapi.dll
0x00007ffa0d6c0000 - 0x00007ffa0d797000 	C:\Program Files\Java\jdk-21\bin\jsvml.dll
0x00007ffa319c0000 - 0x00007ffa319d0000 	C:\Program Files\Java\jdk-21\bin\net.dll
0x00007ffa48b00000 - 0x00007ffa48c26000 	C:\WINDOWS\SYSTEM32\WINHTTP.dll
0x00007ffa4c830000 - 0x00007ffa4c898000 	C:\WINDOWS\system32\mswsock.dll
0x00007ffa1f430000 - 0x00007ffa1f446000 	C:\Program Files\Java\jdk-21\bin\nio.dll
0x00007ffa1ed50000 - 0x00007ffa1ed68000 	C:\Program Files\Java\jdk-21\bin\zip.dll
0x00007ffa0c010000 - 0x00007ffa0c19f000 	C:\Program Files\Java\jdk-21\bin\awt.dll
0x00007ffa47550000 - 0x00007ffa475ec000 	C:\WINDOWS\SYSTEM32\apphelp.dll
0x00007ffa4a280000 - 0x00007ffa4a32d000 	C:\WINDOWS\system32\uxtheme.dll
0x00007ffa4fd00000 - 0x00007ffa4fe5c000 	C:\WINDOWS\System32\MSCTF.dll
0x00007ffa4e1d0000 - 0x00007ffa4e369000 	C:\WINDOWS\System32\ole32.dll
0x00007ffa4a5b0000 - 0x00007ffa4a5de000 	C:\WINDOWS\system32\DWMAPI.DLL
0x00007ffa0bf80000 - 0x00007ffa0c007000 	C:\Program Files\Java\jdk-21\bin\freetype.dll
0x00007ffa0ae90000 - 0x00007ffa0af63000 	C:\Program Files\Java\jdk-21\bin\fontmanager.dll
0x00007ff9fdca0000 - 0x00007ff9fddac000 	C:\WINDOWS\system32\opengl32.dll
0x00007ffa163e0000 - 0x00007ffa1640d000 	C:\WINDOWS\SYSTEM32\GLU32.dll
0x00007ffa4a560000 - 0x00007ffa4a5a7000 	C:\WINDOWS\SYSTEM32\dxcore.dll
0x00007ffa0f5f0000 - 0x00007ffa0f796000 	C:\WINDOWS\system32\d3d9.dll
0x00007ffa42880000 - 0x00007ffa42a3b000 	C:\WINDOWS\System32\DriverStore\FileRepository\u0405079.inf_amd64_858a81915c59764d\B403900\aticfx64.dll
0x00007ff9e9850000 - 0x00007ff9ec713000 	C:\WINDOWS\System32\DriverStore\FileRepository\u0405079.inf_amd64_858a81915c59764d\B403900\amdxn64.dll
0x00007ffa4ec60000 - 0x00007ffa4f0e6000 	C:\WINDOWS\System32\SETUPAPI.dll
0x00007ffa4a3f0000 - 0x00007ffa4a51b000 	C:\WINDOWS\SYSTEM32\dxgi.dll
0x00007ffa4a390000 - 0x00007ffa4a3ec000 	C:\WINDOWS\SYSTEM32\directxdatabasehelper.dll
0x00007ffa4d0b0000 - 0x00007ffa4d10f000 	C:\WINDOWS\SYSTEM32\cfgmgr32.dll
0x00007ffa4cca0000 - 0x00007ffa4ccc6000 	C:\WINDOWS\SYSTEM32\BCrypt.dll
0x00007ffa3cbf0000 - 0x00007ffa3cc25000 	C:\WINDOWS\SYSTEM32\amdihk64.dll
0x00007ffa4fb30000 - 0x00007ffa4fbd8000 	C:\WINDOWS\System32\clbcatq.dll
0x00007ffa49f50000 - 0x00007ffa4a17e000 	C:\WINDOWS\SYSTEM32\WindowsCodecs.dll
0x00007ffa43d80000 - 0x00007ffa43dda000 	C:\WINDOWS\system32\dataexchange.dll
0x00007ffa488c0000 - 0x00007ffa48af7000 	C:\WINDOWS\system32\twinapi.appcore.dll
0x00007ffa3a970000 - 0x00007ffa3aab6000 	C:\WINDOWS\SYSTEM32\textinputframework.dll
0x00007ffa46b30000 - 0x00007ffa46c55000 	C:\WINDOWS\SYSTEM32\CoreMessaging.dll
0x00007ffa42c80000 - 0x00007ffa42f63000 	C:\WINDOWS\SYSTEM32\CoreUIComponents.dll
0x00007ffa48ee0000 - 0x00007ffa49048000 	C:\WINDOWS\SYSTEM32\wintypes.dll
0x00007ffa4caf0000 - 0x00007ffa4cafc000 	C:\WINDOWS\SYSTEM32\CRYPTBASE.DLL
0x00007ffa4bd90000 - 0x00007ffa4beb5000 	C:\WINDOWS\SYSTEM32\DNSAPI.dll
0x00007ffa4bd50000 - 0x00007ffa4bd82000 	C:\WINDOWS\SYSTEM32\IPHLPAPI.DLL
0x00007ffa4ea80000 - 0x00007ffa4ea8a000 	C:\WINDOWS\System32\NSI.dll
0x00007ffa48c60000 - 0x00007ffa48c6b000 	C:\Windows\System32\rasadhlp.dll
0x00007ffa49cc0000 - 0x00007ffa49d45000 	C:\WINDOWS\System32\fwpuclnt.dll
0x00007ffa2ba00000 - 0x00007ffa2ba07000 	C:\Program Files\Java\jdk-21\bin\extnet.dll

dbghelp: loaded successfully - version: 4.0.5 - missing functions: none
symbol engine: initialized successfully - sym options: 0x614 - pdb path: .;C:\Program Files\Java\jdk-21\bin;C:\WINDOWS\SYSTEM32;C:\WINDOWS\WinSxS\amd64_microsoft.windows.common-controls_6595b64144ccf1df_6.0.26100.2454_none_3e0b68a2e331ad60;C:\Program Files\Java\jdk-21\bin\server;C:\WINDOWS\System32\DriverStore\FileRepository\u0405079.inf_amd64_858a81915c59764d\B403900

VM Arguments:
jvm_args: -Dfile.encoding=UTF-8 --module-path=C:\Users\user\Documents\NetBeansProjects\project_UAS\build\classes 
java_command: uts.login
java_class_path (initial): D:\Aplikasi\mysql-connector-j-9.1.0\mysql-connector-j-9.1.0\mysql-connector-j-9.1.0.jar;D:\Aplikasi\netbeans\NetBeans-21\netbeans\java\modules\ext\AbsoluteLayout.jar;C:\Users\user\Downloads\jcalendar.jar\JCalendar.jar;C:\Users\user\Documents\NetBeansProjects\project_UAS\build\classes
Launcher Type: SUN_STANDARD

[Global flags]
     intx CICompilerCount                          = 4                                         {product} {ergonomic}
     uint ConcGCThreads                            = 2                                         {product} {ergonomic}
     uint G1ConcRefinementThreads                  = 8                                         {product} {ergonomic}
   size_t G1HeapRegionSize                         = 1048576                                   {product} {ergonomic}
    uintx GCDrainStackTargetSize                   = 64                                        {product} {ergonomic}
   size_t InitialHeapSize                          = 98566144                                  {product} {ergonomic}
   size_t MarkStackSize                            = 4194304                                   {product} {ergonomic}
   size_t MaxHeapSize                              = 1564475392                                {product} {ergonomic}
   size_t MaxNewSize                               = 938475520                                 {product} {ergonomic}
   size_t MinHeapDeltaBytes                        = 1048576                                   {product} {ergonomic}
   size_t MinHeapSize                              = 8388608                                   {product} {ergonomic}
    uintx NonNMethodCodeHeapSize                   = 5839372                                {pd product} {ergonomic}
    uintx NonProfiledCodeHeapSize                  = 122909434                              {pd product} {ergonomic}
    uintx ProfiledCodeHeapSize                     = 122909434                              {pd product} {ergonomic}
    uintx ReservedCodeCacheSize                    = 251658240                              {pd product} {ergonomic}
     bool SegmentedCodeCache                       = true                                      {product} {ergonomic}
   size_t SoftMaxHeapSize                          = 1564475392                             {manageable} {ergonomic}
     bool UseCompressedOops                        = true                           {product lp64_product} {ergonomic}
     bool UseG1GC                                  = true                                      {product} {ergonomic}
     bool UseLargePagesIndividualAllocation        = false                                  {pd product} {ergonomic}

Logging:
Log output configuration:
 #0: stdout all=warning uptime,level,tags foldmultilines=false
 #1: stderr all=off uptime,level,tags foldmultilines=false

Environment Variables:
PATH=C:\Program Files\Common Files\Oracle\Java\javapath;C:\WINDOWS\system32;C:\WINDOWS;C:\WINDOWS\System32\Wbem;C:\WINDOWS\System32\WindowsPowerShell\v1.0\;C:\WINDOWS\System32\OpenSSH\;C:\MinGW\bin;C:\Program Files\Java\jdk-21\bin;D:\Python\Anaconda\Scripts\;D:\Python\Anaconda\;C:\Program Files\Docker\Docker\resources\bin;C:\Program Files\Git\cmd;D:\Aplikasi\node\;C:\Users\user\AppData\Local\Microsoft\WindowsApps;C:\Users\user\AppData\Local\Programs\Microsoft VS Code\bin;C:\Program Files\Java\jdk-21\bin;C:\Users\user\AppData\Roaming\npm;
USERNAME=user
OS=Windows_NT
PROCESSOR_IDENTIFIER=AMD64 Family 23 Model 160 Stepping 0, AuthenticAMD
TMP=C:\Users\user\AppData\Local\Temp
TEMP=C:\Users\user\AppData\Local\Temp




Periodic native trim disabled

---------------  S Y S T E M  ---------------

OS:
 Windows 11 , 64 bit Build 26100 (10.0.26100.2454)
OS uptime: 1 days 11:50 hours
Hyper-V role detected

CPU: total 8 (initial active 8) (8 cores per cpu, 2 threads per core) family 23 model 160 stepping 0 microcode 0x8a00006, cx8, cmov, fxsr, ht, mmx, 3dnowpref, sse, sse2, sse3, ssse3, sse4a, sse4.1, sse4.2, popcnt, lzcnt, tsc, tscinvbit, avx, avx2, aes, clmul, bmi1, bmi2, adx, sha, fma, vzeroupper, clflush, clflushopt, hv, rdtscp, rdpid, f16c
Processor Information for all 8 processors :
  Max Mhz: 2801, Current Mhz: 2801, Mhz Limit: 2801

Memory: 4k page, system-wide physical 5965M (340M free)
TotalPageFile size 24397M (AvailPageFile size 2M)
current process WorkingSet (physical memory assigned to process): 186M, peak: 186M
current process commit charge ("private bytes"): 338M, peak: 339M

vm_info: Java HotSpot(TM) 64-Bit Server VM (21.0.1+12-LTS-29) for windows-amd64 JRE (21.0.1+12-LTS-29), built on 2023-10-05T13:27:09Z by "mach5one" with MS VC++ 17.1 (VS2022)

END.
