#
# There is insufficient memory for the Java Runtime Environment to continue.
# Native memory allocation (malloc) failed to allocate 219056 bytes for Chunk::new
# Possible reasons:
#   The system is out of physical RAM or swap space
#   The process is running with CompressedOops enabled, and the Java Heap may be blocking the growth of the native heap
# Possible solutions:
#   Reduce memory load on the system
#   Increase physical memory or swap space
#   Check if swap backing store is full
#   Decrease Java heap size (-Xmx/-Xms)
#   Decrease number of Java threads
#   Decrease Java thread stack sizes (-Xss)
#   Set larger code cache with -XX:ReservedCodeCacheSize=
#   JVM is running with Unscaled Compressed Oops mode in which the Java heap is
#     placed in the first 4GB address space. The Java Heap base address is the
#     maximum limit for the native heap growth. Please use -XX:HeapBaseMinAddress
#     to set the Java Heap base and to place the Java Heap above 4GB virtual address.
# This output file may be truncated or incomplete.
#
#  Out of Memory Error (arena.cpp:168), pid=13636, tid=7084
#
# JRE version: Java(TM) SE Runtime Environment (21.0.1+12) (build 21.0.1+12-LTS-29)
# Java VM: Java HotSpot(TM) 64-Bit Server VM (21.0.1+12-LTS-29, mixed mode, sharing, tiered, compressed oops, compressed class ptrs, g1 gc, windows-amd64)
# No core dump will be written. Minidumps are not enabled by default on client versions of Windows
#

---------------  S U M M A R Y ------------

Command Line: -Dfile.encoding=UTF-8 --module-path=C:\Users\user\Documents\NetBeansProjects\project_UAS\build\classes uts.login

Host: AMD Ryzen 5 7520U with Radeon Graphics         , 8 cores, 5G,  Windows 11 , 64 bit Build 26100 (10.0.26100.2454)
Time: Thu Dec 19 00:23:38 2024 SE Asia Standard Time elapsed time: 19.052015 seconds (0d 0h 0m 19s)

---------------  T H R E A D  ---------------

Current thread (0x000001d917dbc080):  JavaThread "C2 CompilerThread0" daemon [_thread_in_native, id=7084, stack(0x0000007b82000000,0x0000007b82100000) (1024K)]


Current CompileTask:
C2:  19052 1531       4       sun.java2d.marlin.MarlinCache::copyAARowRLE_WithBlockFlags (733 bytes)

Stack: [0x0000007b82000000,0x0000007b82100000]
Native frames: (J=compiled Java code, j=interpreted, Vv=VM code, C=native code)
V  [jvm.dll+0x6c9029]
V  [jvm.dll+0x854b81]
V  [jvm.dll+0x856e5e]
V  [jvm.dll+0x857543]
V  [jvm.dll+0x280c06]
V  [jvm.dll+0xc3ead]
V  [jvm.dll+0xc43c3]
V  [jvm.dll+0x3b5732]
V  [jvm.dll+0x1e20b9]
V  [jvm.dll+0x249c22]
V  [jvm.dll+0x2490b1]
V  [jvm.dll+0x1c9ca1]
V  [jvm.dll+0x2586b9]
V  [jvm.dll+0x256c9a]
V  [jvm.dll+0x3ef1b6]
V  [jvm.dll+0x7fd728]
V  [jvm.dll+0x6c777d]
C  [ucrtbase.dll+0x14ea0]
C  [KERNEL32.DLL+0x2e8d7]
C  [ntdll.dll+0xdfbcc]


---------------  P R O C E S S  ---------------

Threads class SMR info:
_java_thread_list=0x000001d969709cf0, length=17, elements={
0x000001d917da5cd0, 0x000001d917da8550, 0x000001d917dadb40, 0x000001d917dae640,
0x000001d917db39e0, 0x000001d917db5510, 0x000001d917dbc080, 0x000001d917dc1590,
0x000001d917d6fac0, 0x000001d95d183dd0, 0x000001d95d334b40, 0x000001d95d346000,
0x000001d95d346670, 0x000001d95e788ef0, 0x000001d97be89050, 0x000001d95d2079f0,
0x000001d9697186e0
}

Java Threads: ( => current thread )
  0x000001d917da5cd0 JavaThread "Reference Handler"          daemon [_thread_blocked, id=18688, stack(0x0000007b81a00000,0x0000007b81b00000) (1024K)]
  0x000001d917da8550 JavaThread "Finalizer"                  daemon [_thread_blocked, id=20212, stack(0x0000007b81b00000,0x0000007b81c00000) (1024K)]
  0x000001d917dadb40 JavaThread "Signal Dispatcher"          daemon [_thread_blocked, id=21564, stack(0x0000007b81c00000,0x0000007b81d00000) (1024K)]
  0x000001d917dae640 JavaThread "Attach Listener"            daemon [_thread_blocked, id=4456, stack(0x0000007b81d00000,0x0000007b81e00000) (1024K)]
  0x000001d917db39e0 JavaThread "Service Thread"             daemon [_thread_blocked, id=7264, stack(0x0000007b81e00000,0x0000007b81f00000) (1024K)]
  0x000001d917db5510 JavaThread "Monitor Deflation Thread"   daemon [_thread_blocked, id=7784, stack(0x0000007b81f00000,0x0000007b82000000) (1024K)]
=>0x000001d917dbc080 JavaThread "C2 CompilerThread0"         daemon [_thread_in_native, id=7084, stack(0x0000007b82000000,0x0000007b82100000) (1024K)]
  0x000001d917dc1590 JavaThread "C1 CompilerThread0"         daemon [_thread_blocked, id=22100, stack(0x0000007b82100000,0x0000007b82200000) (1024K)]
  0x000001d917d6fac0 JavaThread "Common-Cleaner"             daemon [_thread_blocked, id=21688, stack(0x0000007b82200000,0x0000007b82300000) (1024K)]
  0x000001d95d183dd0 JavaThread "Notification Thread"        daemon [_thread_blocked, id=19708, stack(0x0000007b82300000,0x0000007b82400000) (1024K)]
  0x000001d95d334b40 JavaThread "Java2D Disposer"            daemon [_thread_blocked, id=18196, stack(0x0000007b82500000,0x0000007b82600000) (1024K)]
  0x000001d95d346000 JavaThread "AWT-Shutdown"                      [_thread_blocked, id=628, stack(0x0000007b82600000,0x0000007b82700000) (1024K)]
  0x000001d95d346670 JavaThread "AWT-Windows"                daemon [_thread_in_native, id=10900, stack(0x0000007b82700000,0x0000007b82800000) (1024K)]
  0x000001d95e788ef0 JavaThread "AWT-EventQueue-0"                  [_thread_in_native, id=17344, stack(0x0000007b82800000,0x0000007b82900000) (1024K)]
  0x000001d97be89050 JavaThread "DestroyJavaVM"                     [_thread_blocked, id=22144, stack(0x0000007b81200000,0x0000007b81300000) (1024K)]
  0x000001d95d2079f0 JavaThread "D3D Screen Updater"         daemon [_thread_blocked, id=8264, stack(0x0000007b83600000,0x0000007b83700000) (1024K)]
  0x000001d9697186e0 JavaThread "TimerQueue"                 daemon [_thread_blocked, id=15224, stack(0x0000007b82400000,0x0000007b82500000) (1024K)]
Total: 17

Other Threads:
  0x000001d917d83be0 VMThread "VM Thread"                           [id=21528, stack(0x0000007b81900000,0x0000007b81a00000) (1024K)]
  0x000001d917d6bc90 WatcherThread "VM Periodic Task Thread"        [id=13468, stack(0x0000007b81800000,0x0000007b81900000) (1024K)]
  0x000001d97becb050 WorkerThread "GC Thread#0"                     [id=6596, stack(0x0000007b81300000,0x0000007b81400000) (1024K)]
  0x000001d97bed7c10 ConcurrentGCThread "G1 Main Marker"            [id=21024, stack(0x0000007b81400000,0x0000007b81500000) (1024K)]
  0x000001d97beda2e0 WorkerThread "G1 Conc#0"                       [id=15816, stack(0x0000007b81500000,0x0000007b81600000) (1024K)]
  0x000001d97bf4eb00 ConcurrentGCThread "G1 Refine#0"               [id=8236, stack(0x0000007b81600000,0x0000007b81700000) (1024K)]
  0x000001d917c425d0 ConcurrentGCThread "G1 Service"                [id=6708, stack(0x0000007b81700000,0x0000007b81800000) (1024K)]
Total: 7

Threads with active compile tasks:
C2 CompilerThread0    19095 1531       4       sun.java2d.marlin.MarlinCache::copyAARowRLE_WithBlockFlags (733 bytes)
Total: 1

VM state: not at safepoint (normal execution)

VM Mutex/Monitor currently owned by a thread: None

Heap address: 0x00000000a2c00000, size: 1492 MB, Compressed Oops mode: 32-bit

CDS archive(s) mapped at: [0x000001d918000000-0x000001d918c90000-0x000001d918c90000), size 13172736, SharedBaseAddress: 0x000001d918000000, ArchiveRelocationMode: 1.
Compressed class space mapped at: 0x000001d919000000-0x000001d959000000, reserved size: 1073741824
Narrow klass base: 0x000001d918000000, Narrow klass shift: 0, Narrow klass range: 0x100000000

GC Precious Log:
 CardTable entry size: 512
 Card Set container configuration: InlinePtr #cards 5 size 8 Array Of Cards #cards 12 size 40 Howl #buckets 4 coarsen threshold 1843 Howl Bitmap #cards 512 size 80 coarsen threshold 460 Card regions per heap region 1 cards per card region 2048
 CPUs: 8 total, 8 available
 Memory: 5965M
 Large Page Support: Disabled
 NUMA Support: Disabled
 Compressed Oops: Enabled (32-bit)
 Heap Region Size: 1M
 Heap Min Capacity: 8M
 Heap Initial Capacity: 94M
 Heap Max Capacity: 1492M
 Pre-touch: Disabled
 Parallel Workers: 8
 Concurrent Workers: 2
 Concurrent Refinement Workers: 8
 Periodic GC: Disabled

Heap:
 garbage-first heap   total 96256K, used 13312K [0x00000000a2c00000, 0x0000000100000000)
  region size 1024K, 14 young (14336K), 0 survivors (0K)
 Metaspace       used 11334K, committed 11584K, reserved 1114112K
  class space    used 1272K, committed 1408K, reserved 1048576K

Heap Regions: E=young(eden), S=young(survivor), O=old, HS=humongous(starts), HC=humongous(continues), CS=collection set, F=free, TAMS=top-at-mark-start, PB=parsable bottom
|   0|0x00000000a2c00000, 0x00000000a2c00000, 0x00000000a2d00000|  0%| F|  |TAMS 0x00000000a2c00000| PB 0x00000000a2c00000| Untracked 
|   1|0x00000000a2d00000, 0x00000000a2d00000, 0x00000000a2e00000|  0%| F|  |TAMS 0x00000000a2d00000| PB 0x00000000a2d00000| Untracked 
|   2|0x00000000a2e00000, 0x00000000a2e00000, 0x00000000a2f00000|  0%| F|  |TAMS 0x00000000a2e00000| PB 0x00000000a2e00000| Untracked 
|   3|0x00000000a2f00000, 0x00000000a2f00000, 0x00000000a3000000|  0%| F|  |TAMS 0x00000000a2f00000| PB 0x00000000a2f00000| Untracked 
|   4|0x00000000a3000000, 0x00000000a3000000, 0x00000000a3100000|  0%| F|  |TAMS 0x00000000a3000000| PB 0x00000000a3000000| Untracked 
|   5|0x00000000a3100000, 0x00000000a3100000, 0x00000000a3200000|  0%| F|  |TAMS 0x00000000a3100000| PB 0x00000000a3100000| Untracked 
|   6|0x00000000a3200000, 0x00000000a3200000, 0x00000000a3300000|  0%| F|  |TAMS 0x00000000a3200000| PB 0x00000000a3200000| Untracked 
|   7|0x00000000a3300000, 0x00000000a3300000, 0x00000000a3400000|  0%| F|  |TAMS 0x00000000a3300000| PB 0x00000000a3300000| Untracked 
|   8|0x00000000a3400000, 0x00000000a3400000, 0x00000000a3500000|  0%| F|  |TAMS 0x00000000a3400000| PB 0x00000000a3400000| Untracked 
|   9|0x00000000a3500000, 0x00000000a3500000, 0x00000000a3600000|  0%| F|  |TAMS 0x00000000a3500000| PB 0x00000000a3500000| Untracked 
|  10|0x00000000a3600000, 0x00000000a3600000, 0x00000000a3700000|  0%| F|  |TAMS 0x00000000a3600000| PB 0x00000000a3600000| Untracked 
|  11|0x00000000a3700000, 0x00000000a3700000, 0x00000000a3800000|  0%| F|  |TAMS 0x00000000a3700000| PB 0x00000000a3700000| Untracked 
|  12|0x00000000a3800000, 0x00000000a3800000, 0x00000000a3900000|  0%| F|  |TAMS 0x00000000a3800000| PB 0x00000000a3800000| Untracked 
|  13|0x00000000a3900000, 0x00000000a3900000, 0x00000000a3a00000|  0%| F|  |TAMS 0x00000000a3900000| PB 0x00000000a3900000| Untracked 
|  14|0x00000000a3a00000, 0x00000000a3a00000, 0x00000000a3b00000|  0%| F|  |TAMS 0x00000000a3a00000| PB 0x00000000a3a00000| Untracked 
|  15|0x00000000a3b00000, 0x00000000a3b00000, 0x00000000a3c00000|  0%| F|  |TAMS 0x00000000a3b00000| PB 0x00000000a3b00000| Untracked 
|  16|0x00000000a3c00000, 0x00000000a3c00000, 0x00000000a3d00000|  0%| F|  |TAMS 0x00000000a3c00000| PB 0x00000000a3c00000| Untracked 
|  17|0x00000000a3d00000, 0x00000000a3d00000, 0x00000000a3e00000|  0%| F|  |TAMS 0x00000000a3d00000| PB 0x00000000a3d00000| Untracked 
|  18|0x00000000a3e00000, 0x00000000a3e00000, 0x00000000a3f00000|  0%| F|  |TAMS 0x00000000a3e00000| PB 0x00000000a3e00000| Untracked 
|  19|0x00000000a3f00000, 0x00000000a3f00000, 0x00000000a4000000|  0%| F|  |TAMS 0x00000000a3f00000| PB 0x00000000a3f00000| Untracked 
|  20|0x00000000a4000000, 0x00000000a4000000, 0x00000000a4100000|  0%| F|  |TAMS 0x00000000a4000000| PB 0x00000000a4000000| Untracked 
|  21|0x00000000a4100000, 0x00000000a4100000, 0x00000000a4200000|  0%| F|  |TAMS 0x00000000a4100000| PB 0x00000000a4100000| Untracked 
|  22|0x00000000a4200000, 0x00000000a4200000, 0x00000000a4300000|  0%| F|  |TAMS 0x00000000a4200000| PB 0x00000000a4200000| Untracked 
|  23|0x00000000a4300000, 0x00000000a4300000, 0x00000000a4400000|  0%| F|  |TAMS 0x00000000a4300000| PB 0x00000000a4300000| Untracked 
|  24|0x00000000a4400000, 0x00000000a4400000, 0x00000000a4500000|  0%| F|  |TAMS 0x00000000a4400000| PB 0x00000000a4400000| Untracked 
|  25|0x00000000a4500000, 0x00000000a4500000, 0x00000000a4600000|  0%| F|  |TAMS 0x00000000a4500000| PB 0x00000000a4500000| Untracked 
|  26|0x00000000a4600000, 0x00000000a4600000, 0x00000000a4700000|  0%| F|  |TAMS 0x00000000a4600000| PB 0x00000000a4600000| Untracked 
|  27|0x00000000a4700000, 0x00000000a4700000, 0x00000000a4800000|  0%| F|  |TAMS 0x00000000a4700000| PB 0x00000000a4700000| Untracked 
|  28|0x00000000a4800000, 0x00000000a4800000, 0x00000000a4900000|  0%| F|  |TAMS 0x00000000a4800000| PB 0x00000000a4800000| Untracked 
|  29|0x00000000a4900000, 0x00000000a4900000, 0x00000000a4a00000|  0%| F|  |TAMS 0x00000000a4900000| PB 0x00000000a4900000| Untracked 
|  30|0x00000000a4a00000, 0x00000000a4a00000, 0x00000000a4b00000|  0%| F|  |TAMS 0x00000000a4a00000| PB 0x00000000a4a00000| Untracked 
|  31|0x00000000a4b00000, 0x00000000a4b00000, 0x00000000a4c00000|  0%| F|  |TAMS 0x00000000a4b00000| PB 0x00000000a4b00000| Untracked 
|  32|0x00000000a4c00000, 0x00000000a4c00000, 0x00000000a4d00000|  0%| F|  |TAMS 0x00000000a4c00000| PB 0x00000000a4c00000| Untracked 
|  33|0x00000000a4d00000, 0x00000000a4d00000, 0x00000000a4e00000|  0%| F|  |TAMS 0x00000000a4d00000| PB 0x00000000a4d00000| Untracked 
|  34|0x00000000a4e00000, 0x00000000a4e00000, 0x00000000a4f00000|  0%| F|  |TAMS 0x00000000a4e00000| PB 0x00000000a4e00000| Untracked 
|  35|0x00000000a4f00000, 0x00000000a4f00000, 0x00000000a5000000|  0%| F|  |TAMS 0x00000000a4f00000| PB 0x00000000a4f00000| Untracked 
|  36|0x00000000a5000000, 0x00000000a5000000, 0x00000000a5100000|  0%| F|  |TAMS 0x00000000a5000000| PB 0x00000000a5000000| Untracked 
|  37|0x00000000a5100000, 0x00000000a5100000, 0x00000000a5200000|  0%| F|  |TAMS 0x00000000a5100000| PB 0x00000000a5100000| Untracked 
|  38|0x00000000a5200000, 0x00000000a5200000, 0x00000000a5300000|  0%| F|  |TAMS 0x00000000a5200000| PB 0x00000000a5200000| Untracked 
|  39|0x00000000a5300000, 0x00000000a5300000, 0x00000000a5400000|  0%| F|  |TAMS 0x00000000a5300000| PB 0x00000000a5300000| Untracked 
|  40|0x00000000a5400000, 0x00000000a5400000, 0x00000000a5500000|  0%| F|  |TAMS 0x00000000a5400000| PB 0x00000000a5400000| Untracked 
|  41|0x00000000a5500000, 0x00000000a5500000, 0x00000000a5600000|  0%| F|  |TAMS 0x00000000a5500000| PB 0x00000000a5500000| Untracked 
|  42|0x00000000a5600000, 0x00000000a5600000, 0x00000000a5700000|  0%| F|  |TAMS 0x00000000a5600000| PB 0x00000000a5600000| Untracked 
|  43|0x00000000a5700000, 0x00000000a5700000, 0x00000000a5800000|  0%| F|  |TAMS 0x00000000a5700000| PB 0x00000000a5700000| Untracked 
|  44|0x00000000a5800000, 0x00000000a5800000, 0x00000000a5900000|  0%| F|  |TAMS 0x00000000a5800000| PB 0x00000000a5800000| Untracked 
|  45|0x00000000a5900000, 0x00000000a5900000, 0x00000000a5a00000|  0%| F|  |TAMS 0x00000000a5900000| PB 0x00000000a5900000| Untracked 
|  46|0x00000000a5a00000, 0x00000000a5a00000, 0x00000000a5b00000|  0%| F|  |TAMS 0x00000000a5a00000| PB 0x00000000a5a00000| Untracked 
|  47|0x00000000a5b00000, 0x00000000a5b00000, 0x00000000a5c00000|  0%| F|  |TAMS 0x00000000a5b00000| PB 0x00000000a5b00000| Untracked 
|  48|0x00000000a5c00000, 0x00000000a5c00000, 0x00000000a5d00000|  0%| F|  |TAMS 0x00000000a5c00000| PB 0x00000000a5c00000| Untracked 
|  49|0x00000000a5d00000, 0x00000000a5d00000, 0x00000000a5e00000|  0%| F|  |TAMS 0x00000000a5d00000| PB 0x00000000a5d00000| Untracked 
|  50|0x00000000a5e00000, 0x00000000a5e00000, 0x00000000a5f00000|  0%| F|  |TAMS 0x00000000a5e00000| PB 0x00000000a5e00000| Untracked 
|  51|0x00000000a5f00000, 0x00000000a5f00000, 0x00000000a6000000|  0%| F|  |TAMS 0x00000000a5f00000| PB 0x00000000a5f00000| Untracked 
|  52|0x00000000a6000000, 0x00000000a6000000, 0x00000000a6100000|  0%| F|  |TAMS 0x00000000a6000000| PB 0x00000000a6000000| Untracked 
|  53|0x00000000a6100000, 0x00000000a6100000, 0x00000000a6200000|  0%| F|  |TAMS 0x00000000a6100000| PB 0x00000000a6100000| Untracked 
|  54|0x00000000a6200000, 0x00000000a6200000, 0x00000000a6300000|  0%| F|  |TAMS 0x00000000a6200000| PB 0x00000000a6200000| Untracked 
|  55|0x00000000a6300000, 0x00000000a6300000, 0x00000000a6400000|  0%| F|  |TAMS 0x00000000a6300000| PB 0x00000000a6300000| Untracked 
|  56|0x00000000a6400000, 0x00000000a6400000, 0x00000000a6500000|  0%| F|  |TAMS 0x00000000a6400000| PB 0x00000000a6400000| Untracked 
|  57|0x00000000a6500000, 0x00000000a6500000, 0x00000000a6600000|  0%| F|  |TAMS 0x00000000a6500000| PB 0x00000000a6500000| Untracked 
|  58|0x00000000a6600000, 0x00000000a6600000, 0x00000000a6700000|  0%| F|  |TAMS 0x00000000a6600000| PB 0x00000000a6600000| Untracked 
|  59|0x00000000a6700000, 0x00000000a6700000, 0x00000000a6800000|  0%| F|  |TAMS 0x00000000a6700000| PB 0x00000000a6700000| Untracked 
|  60|0x00000000a6800000, 0x00000000a6800000, 0x00000000a6900000|  0%| F|  |TAMS 0x00000000a6800000| PB 0x00000000a6800000| Untracked 
|  61|0x00000000a6900000, 0x00000000a6900000, 0x00000000a6a00000|  0%| F|  |TAMS 0x00000000a6900000| PB 0x00000000a6900000| Untracked 
|  62|0x00000000a6a00000, 0x00000000a6a00000, 0x00000000a6b00000|  0%| F|  |TAMS 0x00000000a6a00000| PB 0x00000000a6a00000| Untracked 
|  63|0x00000000a6b00000, 0x00000000a6b00000, 0x00000000a6c00000|  0%| F|  |TAMS 0x00000000a6b00000| PB 0x00000000a6b00000| Untracked 
|  64|0x00000000a6c00000, 0x00000000a6c00000, 0x00000000a6d00000|  0%| F|  |TAMS 0x00000000a6c00000| PB 0x00000000a6c00000| Untracked 
|  65|0x00000000a6d00000, 0x00000000a6d00000, 0x00000000a6e00000|  0%| F|  |TAMS 0x00000000a6d00000| PB 0x00000000a6d00000| Untracked 
|  66|0x00000000a6e00000, 0x00000000a6e00000, 0x00000000a6f00000|  0%| F|  |TAMS 0x00000000a6e00000| PB 0x00000000a6e00000| Untracked 
|  67|0x00000000a6f00000, 0x00000000a6f00000, 0x00000000a7000000|  0%| F|  |TAMS 0x00000000a6f00000| PB 0x00000000a6f00000| Untracked 
|  68|0x00000000a7000000, 0x00000000a7000000, 0x00000000a7100000|  0%| F|  |TAMS 0x00000000a7000000| PB 0x00000000a7000000| Untracked 
|  69|0x00000000a7100000, 0x00000000a7100000, 0x00000000a7200000|  0%| F|  |TAMS 0x00000000a7100000| PB 0x00000000a7100000| Untracked 
|  70|0x00000000a7200000, 0x00000000a7200000, 0x00000000a7300000|  0%| F|  |TAMS 0x00000000a7200000| PB 0x00000000a7200000| Untracked 
|  71|0x00000000a7300000, 0x00000000a7300000, 0x00000000a7400000|  0%| F|  |TAMS 0x00000000a7300000| PB 0x00000000a7300000| Untracked 
|  72|0x00000000a7400000, 0x00000000a7400000, 0x00000000a7500000|  0%| F|  |TAMS 0x00000000a7400000| PB 0x00000000a7400000| Untracked 
|  73|0x00000000a7500000, 0x00000000a7500000, 0x00000000a7600000|  0%| F|  |TAMS 0x00000000a7500000| PB 0x00000000a7500000| Untracked 
|  74|0x00000000a7600000, 0x00000000a7600000, 0x00000000a7700000|  0%| F|  |TAMS 0x00000000a7600000| PB 0x00000000a7600000| Untracked 
|  75|0x00000000a7700000, 0x00000000a7700000, 0x00000000a7800000|  0%| F|  |TAMS 0x00000000a7700000| PB 0x00000000a7700000| Untracked 
|  76|0x00000000a7800000, 0x00000000a7800000, 0x00000000a7900000|  0%| F|  |TAMS 0x00000000a7800000| PB 0x00000000a7800000| Untracked 
|  77|0x00000000a7900000, 0x00000000a7900000, 0x00000000a7a00000|  0%| F|  |TAMS 0x00000000a7900000| PB 0x00000000a7900000| Untracked 
|  78|0x00000000a7a00000, 0x00000000a7a00000, 0x00000000a7b00000|  0%| F|  |TAMS 0x00000000a7a00000| PB 0x00000000a7a00000| Untracked 
|  79|0x00000000a7b00000, 0x00000000a7b00000, 0x00000000a7c00000|  0%| F|  |TAMS 0x00000000a7b00000| PB 0x00000000a7b00000| Untracked 
|  80|0x00000000a7c00000, 0x00000000a7c76458, 0x00000000a7d00000| 46%| E|  |TAMS 0x00000000a7c00000| PB 0x00000000a7c00000| Complete 
|  81|0x00000000a7d00000, 0x00000000a7e00000, 0x00000000a7e00000|100%| E|CS|TAMS 0x00000000a7d00000| PB 0x00000000a7d00000| Complete 
|  82|0x00000000a7e00000, 0x00000000a7f00000, 0x00000000a7f00000|100%| E|CS|TAMS 0x00000000a7e00000| PB 0x00000000a7e00000| Complete 
|  83|0x00000000a7f00000, 0x00000000a8000000, 0x00000000a8000000|100%| E|CS|TAMS 0x00000000a7f00000| PB 0x00000000a7f00000| Complete 
|  84|0x00000000a8000000, 0x00000000a8100000, 0x00000000a8100000|100%| E|CS|TAMS 0x00000000a8000000| PB 0x00000000a8000000| Complete 
|  85|0x00000000a8100000, 0x00000000a8200000, 0x00000000a8200000|100%| E|CS|TAMS 0x00000000a8100000| PB 0x00000000a8100000| Complete 
|  86|0x00000000a8200000, 0x00000000a8300000, 0x00000000a8300000|100%| E|CS|TAMS 0x00000000a8200000| PB 0x00000000a8200000| Complete 
|  87|0x00000000a8300000, 0x00000000a8400000, 0x00000000a8400000|100%| E|CS|TAMS 0x00000000a8300000| PB 0x00000000a8300000| Complete 
|  88|0x00000000a8400000, 0x00000000a8500000, 0x00000000a8500000|100%| E|CS|TAMS 0x00000000a8400000| PB 0x00000000a8400000| Complete 
|  89|0x00000000a8500000, 0x00000000a8600000, 0x00000000a8600000|100%| E|CS|TAMS 0x00000000a8500000| PB 0x00000000a8500000| Complete 
|  90|0x00000000a8600000, 0x00000000a8700000, 0x00000000a8700000|100%| E|CS|TAMS 0x00000000a8600000| PB 0x00000000a8600000| Complete 
|  91|0x00000000a8700000, 0x00000000a8800000, 0x00000000a8800000|100%| E|CS|TAMS 0x00000000a8700000| PB 0x00000000a8700000| Complete 
|  92|0x00000000a8800000, 0x00000000a8900000, 0x00000000a8900000|100%| E|CS|TAMS 0x00000000a8800000| PB 0x00000000a8800000| Complete 
|  93|0x00000000a8900000, 0x00000000a8a00000, 0x00000000a8a00000|100%| E|CS|TAMS 0x00000000a8900000| PB 0x00000000a8900000| Complete 

Card table byte_map: [0x000001d97c570000,0x000001d97c860000] _byte_map_base: 0x000001d97c05a000

Marking Bits: (CMBitMap*) 0x000001d97becb750
 Bits: [0x000001d97c860000, 0x000001d97dfb0000)

Polling page: 0x000001d979d70000

Metaspace:

Usage:
  Non-class:      9.83 MB used.
      Class:      1.24 MB used.
       Both:     11.07 MB used.

Virtual space:
  Non-class space:       64.00 MB reserved,       9.94 MB ( 16%) committed,  1 nodes.
      Class space:        1.00 GB reserved,       1.38 MB ( <1%) committed,  1 nodes.
             Both:        1.06 GB reserved,      11.31 MB (  1%) committed. 

Chunk freelists:
   Non-Class:  6.00 MB
       Class:  14.62 MB
        Both:  20.62 MB

MaxMetaspaceSize: unlimited
CompressedClassSpaceSize: 1.00 GB
Initial GC threshold: 21.00 MB
Current GC threshold: 21.00 MB
CDS: on
 - commit_granule_bytes: 65536.
 - commit_granule_words: 8192.
 - virtual_space_node_default_size: 8388608.
 - enlarge_chunks_in_place: 1.
 - use_allocation_guard: 0.


Internal statistics:

num_allocs_failed_limit: 0.
num_arena_births: 166.
num_arena_deaths: 0.
num_vsnodes_births: 2.
num_vsnodes_deaths: 0.
num_space_committed: 181.
num_space_uncommitted: 0.
num_chunks_returned_to_freelist: 0.
num_chunks_taken_from_freelist: 214.
num_chunk_merges: 0.
num_chunk_splits: 129.
num_chunks_enlarged: 60.
num_inconsistent_stats: 0.

CodeHeap 'non-profiled nmethods': size=120000Kb used=453Kb max_used=453Kb free=119546Kb
 bounds [0x000001d90fe60000, 0x000001d9100d0000, 0x000001d917390000]
CodeHeap 'profiled nmethods': size=120000Kb used=2602Kb max_used=2602Kb free=117397Kb
 bounds [0x000001d908390000, 0x000001d908620000, 0x000001d90f8c0000]
CodeHeap 'non-nmethods': size=5760Kb used=1652Kb max_used=1671Kb free=4107Kb
 bounds [0x000001d90f8c0000, 0x000001d90fb30000, 0x000001d90fe60000]
 total_blobs=2242 nmethods=1540 adapters=607
 compilation: enabled
              stopped_count=0, restarted_count=0
 full_count=0

Compilation events (20 events):
Event: 17.010 Thread 0x000001d917dc1590 nmethod 1525 0x000001d90860dc90 code [0x000001d90860df00, 0x000001d90860e800]
Event: 17.010 Thread 0x000001d917dc1590 1526       3       sun.java2d.SunGraphics2D::validateColor (102 bytes)
Event: 17.011 Thread 0x000001d917dc1590 nmethod 1526 0x000001d90860ea90 code [0x000001d90860ec80, 0x000001d90860f1f0]
Event: 17.011 Thread 0x000001d917dc1590 1528       3       sun.awt.image.SurfaceManager::getCacheData (20 bytes)
Event: 17.011 Thread 0x000001d917dc1590 nmethod 1528 0x000001d90860f390 code [0x000001d90860f540, 0x000001d90860f700]
Event: 17.011 Thread 0x000001d917dc1590 1527   !   3       sun.java2d.SunGraphics2D::scaleImage (115 bytes)
Event: 17.012 Thread 0x000001d917dc1590 nmethod 1527 0x000001d90860f810 code [0x000001d90860fa40, 0x000001d908610338]
Event: 17.012 Thread 0x000001d917dc1590 1529   !   3       sun.java2d.d3d.D3DBlitLoops::IsoBlit (202 bytes)
Event: 17.013 Thread 0x000001d917dbc080 1531       4       sun.java2d.marlin.MarlinCache::copyAARowRLE_WithBlockFlags (733 bytes)
Event: 17.015 Thread 0x000001d917dc1590 nmethod 1529 0x000001d908610890 code [0x000001d908610ca0, 0x000001d908612cc0]
Event: 17.015 Thread 0x000001d917dc1590 1530       3       sun.java2d.pipe.DrawImage::scaleImage (84 bytes)
Event: 17.016 Thread 0x000001d917dc1590 nmethod 1530 0x000001d908613c90 code [0x000001d908613ea0, 0x000001d908614570]
Event: 17.016 Thread 0x000001d917dc1590 1532   !   3       sun.java2d.pipe.DrawImage::renderImageScale (158 bytes)
Event: 17.017 Thread 0x000001d917dc1590 nmethod 1532 0x000001d908614790 code [0x000001d908614a20, 0x000001d908615910]
Event: 17.017 Thread 0x000001d917dc1590 1524       3       com.sun.java.swing.SwingUtilities3::getDelegateRepaintManager (73 bytes)
Event: 17.018 Thread 0x000001d917dc1590 nmethod 1524 0x000001d908616010 code [0x000001d908616280, 0x000001d908617028]
Event: 17.522 Thread 0x000001d917dc1590 1533       3       java.util.concurrent.locks.AbstractQueuedSynchronizer$ConditionObject::canReacquire (38 bytes)
Event: 17.523 Thread 0x000001d917dc1590 nmethod 1533 0x000001d908617410 code [0x000001d9086175e0, 0x000001d908617970]
Event: 19.045 Thread 0x000001d917dc1590 1534       3       jdk.internal.misc.Unsafe::putReferenceOpaque (9 bytes)
Event: 19.045 Thread 0x000001d917dc1590 nmethod 1534 0x000001d908617b10 code [0x000001d908617ca0, 0x000001d908617e00]

GC Heap History (0 events):
No events

Dll operation events (9 events):
Event: 0.010 Loaded shared library C:\Program Files\Java\jdk-21\bin\java.dll
Event: 0.047 Loaded shared library C:\Program Files\Java\jdk-21\bin\jsvml.dll
Event: 0.084 Loaded shared library C:\Program Files\Java\jdk-21\bin\net.dll
Event: 0.086 Loaded shared library C:\Program Files\Java\jdk-21\bin\nio.dll
Event: 0.116 Loaded shared library C:\Program Files\Java\jdk-21\bin\zip.dll
Event: 0.131 Loaded shared library C:\Program Files\Java\jdk-21\bin\jimage.dll
Event: 0.150 Loaded shared library C:\Program Files\Java\jdk-21\bin\awt.dll
Event: 0.281 Loaded shared library C:\Program Files\Java\jdk-21\bin\freetype.dll
Event: 0.282 Loaded shared library C:\Program Files\Java\jdk-21\bin\fontmanager.dll

Deoptimization events (20 events):
Event: 1.728 Thread 0x000001d95e788ef0 DEOPT PACKING pc=0x000001d90fe723a8 sp=0x0000007b828fbd50
Event: 1.728 Thread 0x000001d95e788ef0 DEOPT UNPACKING pc=0x000001d90f9146a2 sp=0x0000007b828fbce0 mode 2
Event: 1.754 Thread 0x000001d95e788ef0 Uncommon trap: trap_request=0xffffff45 fr.pc=0x000001d90fe71bcc relative=0x000000000000012c
Event: 1.754 Thread 0x000001d95e788ef0 Uncommon trap: reason=unstable_if action=reinterpret pc=0x000001d90fe71bcc method=java.lang.StringCoding.countPositives([BII)I @ 17 c2
Event: 1.754 Thread 0x000001d95e788ef0 DEOPT PACKING pc=0x000001d90fe71bcc sp=0x0000007b828fb7c0
Event: 1.754 Thread 0x000001d95e788ef0 DEOPT UNPACKING pc=0x000001d90f9146a2 sp=0x0000007b828fb760 mode 2
Event: 1.755 Thread 0x000001d95e788ef0 Uncommon trap: trap_request=0xffffff45 fr.pc=0x000001d90fea7cb8 relative=0x0000000000000458
Event: 1.755 Thread 0x000001d95e788ef0 Uncommon trap: reason=unstable_if action=reinterpret pc=0x000001d90fea7cb8 method=java.lang.StringLatin1.toLowerCase(Ljava/lang/String;[BLjava/util/Locale;)Ljava/lang/String; @ 43 c2
Event: 1.755 Thread 0x000001d95e788ef0 DEOPT PACKING pc=0x000001d90fea7cb8 sp=0x0000007b828fbc70
Event: 1.755 Thread 0x000001d95e788ef0 DEOPT UNPACKING pc=0x000001d90f9146a2 sp=0x0000007b828fbbe0 mode 2
Event: 3.881 Thread 0x000001d95e788ef0 Uncommon trap: trap_request=0xffffff45 fr.pc=0x000001d90fe8c5d4 relative=0x00000000000009b4
Event: 3.881 Thread 0x000001d95e788ef0 Uncommon trap: reason=unstable_if action=reinterpret pc=0x000001d90fe8c5d4 method=java.util.HashMap.resize()[Ljava/util/HashMap$Node; @ 203 c2
Event: 3.881 Thread 0x000001d95e788ef0 DEOPT PACKING pc=0x000001d90fe8c5d4 sp=0x0000007b828fd880
Event: 3.881 Thread 0x000001d95e788ef0 DEOPT UNPACKING pc=0x000001d90f9146a2 sp=0x0000007b828fd820 mode 2
Event: 12.432 Thread 0x000001d95e788ef0 DEOPT PACKING pc=0x000001d9085b5430 sp=0x0000007b828fd1c0
Event: 12.432 Thread 0x000001d95e788ef0 DEOPT UNPACKING pc=0x000001d90f914e42 sp=0x0000007b828fc570 mode 0
Event: 12.951 Thread 0x000001d95e788ef0 DEOPT PACKING pc=0x000001d90859f5de sp=0x0000007b828fd180
Event: 12.951 Thread 0x000001d95e788ef0 DEOPT UNPACKING pc=0x000001d90f914e42 sp=0x0000007b828fc610 mode 0
Event: 17.013 Thread 0x000001d95e788ef0 DEOPT PACKING pc=0x000001d90857e1b5 sp=0x0000007b828fcc70
Event: 17.013 Thread 0x000001d95e788ef0 DEOPT UNPACKING pc=0x000001d90f914e42 sp=0x0000007b828fc0c0 mode 0

Classes loaded (20 events):
Event: 9.363 Loading class java/util/concurrent/BlockingQueue done
Event: 9.363 Loading class java/util/concurrent/DelayQueue done
Event: 9.364 Loading class java/util/PriorityQueue
Event: 9.365 Loading class java/util/PriorityQueue done
Event: 9.366 Loading class javax/swing/TimerQueue$DelayedTimer
Event: 9.366 Loading class java/util/concurrent/Delayed
Event: 9.367 Loading class java/util/concurrent/Delayed done
Event: 9.367 Loading class javax/swing/TimerQueue$DelayedTimer done
Event: 9.380 Loading class java/awt/geom/Path2D$Float$TxIterator
Event: 9.380 Loading class java/awt/geom/Path2D$Iterator
Event: 9.380 Loading class java/awt/geom/Path2D$Iterator done
Event: 9.380 Loading class java/awt/geom/Path2D$Float$TxIterator done
Event: 9.878 Loading class javax/swing/Timer$1
Event: 9.878 Loading class javax/swing/Timer$1 done
Event: 10.906 Loading class javax/swing/Autoscroller
Event: 10.906 Loading class javax/swing/Autoscroller done
Event: 11.853 Loading class java/awt/Canvas
Event: 11.855 Loading class java/awt/Canvas done
Event: 11.855 Loading class java/awt/Scrollbar
Event: 11.855 Loading class java/awt/Scrollbar done

Classes unloaded (0 events):
No events

Classes redefined (0 events):
No events

Internal exceptions (20 events):
Event: 0.320 Thread 0x000001d97be89050 Exception <a 'java/lang/ClassNotFoundException'{0x00000000a84f41f0}: ToolTip> (0x00000000a84f41f0) 
thrown [s\open\src\hotspot\share\classfile\systemDictionary.cpp, line 312]
Event: 0.321 Thread 0x000001d97be89050 Exception <a 'java/lang/ClassNotFoundException'{0x00000000a84f4b30}: Tree> (0x00000000a84f4b30) 
thrown [s\open\src\hotspot\share\classfile\systemDictionary.cpp, line 312]
Event: 0.321 Thread 0x000001d97be89050 Exception <a 'java/lang/ClassNotFoundException'{0x00000000a84f5028}: Tree> (0x00000000a84f5028) 
thrown [s\open\src\hotspot\share\classfile\systemDictionary.cpp, line 312]
Event: 0.321 Thread 0x000001d97be89050 Exception <a 'java/lang/ClassNotFoundException'{0x00000000a84f5398}: javax/swing/JTreeCell> (0x00000000a84f5398) 
thrown [s\open\src\hotspot\share\classfile\systemDictionary.cpp, line 312]
Event: 0.321 Thread 0x000001d97be89050 Exception <a 'java/lang/ClassNotFoundException'{0x00000000a84f56a0}: TreeCell> (0x00000000a84f56a0) 
thrown [s\open\src\hotspot\share\classfile\systemDictionary.cpp, line 312]
Event: 0.321 Thread 0x000001d97be89050 Exception <a 'java/lang/ClassNotFoundException'{0x00000000a84f5e48}: RootPane> (0x00000000a84f5e48) 
thrown [s\open\src\hotspot\share\classfile\systemDictionary.cpp, line 312]
Event: 0.323 Thread 0x000001d97be89050 Exception <a 'java/lang/ClassNotFoundException'{0x00000000a84f8bd8}: com/sun/swing/internal/plaf/metal/resources/spi/metalProvider> (0x00000000a84f8bd8) 
thrown [s\open\src\hotspot\share\classfile\systemDictionary.cpp, line 312]
Event: 0.324 Thread 0x000001d97be89050 Exception <a 'java/lang/ClassNotFoundException'{0x00000000a84fc888}: com/sun/swing/internal/plaf/basic/resources/spi/basicProvider> (0x00000000a84fc888) 
thrown [s\open\src\hotspot\share\classfile\systemDictionary.cpp, line 312]
Event: 0.455 Thread 0x000001d95e788ef0 Exception <a 'java/lang/ClassNotFoundException'{0x00000000a8391d30}: com/sun/swing/internal/plaf/synth/resources/spi/synthProvider> (0x00000000a8391d30) 
thrown [s\open\src\hotspot\share\classfile\systemDictionary.cpp, line 312]
Event: 0.471 Thread 0x000001d95e788ef0 Exception <a 'java/lang/NoSuchMethodError'{0x00000000a83d4da0}: 'int java.lang.invoke.Invokers$Holder.invokeExact_MT(java.lang.Object, java.lang.Object)'> (0x00000000a83d4da0) 
thrown [s\open\src\hotspot\share\interpreter\linkResolver.cpp, line 773]
Event: 0.477 Thread 0x000001d95e788ef0 Exception <a 'java/lang/NoSuchMethodError'{0x00000000a83dd170}: 'java.lang.Object java.lang.invoke.DirectMethodHandle$Holder.newInvokeSpecial(java.lang.Object, java.lang.Object, int)'> (0x00000000a83dd170) 
thrown [s\open\src\hotspot\share\interpreter\linkResolver.cpp, line 773]
Event: 0.478 Thread 0x000001d95e788ef0 Exception <a 'java/lang/NoSuchMethodError'{0x00000000a83e2020}: 'int java.lang.invoke.DirectMethodHandle$Holder.invokeSpecial(java.lang.Object, java.lang.Object, java.lang.Object, int)'> (0x00000000a83e2020) 
thrown [s\open\src\hotspot\share\interpreter\linkResolver.cpp, line 773]
Event: 0.480 Thread 0x000001d95e788ef0 Exception <a 'java/lang/NoSuchMethodError'{0x00000000a8208ac0}: 'java.lang.Object java.lang.invoke.DirectMethodHandle$Holder.invokeStatic(java.lang.Object, java.lang.Object, java.lang.Object, java.lang.Object, int)'> (0x00000000a8208ac0) 
thrown [s\open\src\hotspot\share\interpreter\linkResolver.cpp, line 773]
Event: 0.481 Thread 0x000001d95e788ef0 Exception <a 'java/lang/NoSuchMethodError'{0x00000000a8214210}: 'int java.lang.invoke.DirectMethodHandle$Holder.invokeSpecial(java.lang.Object, java.lang.Object, java.lang.Object)'> (0x00000000a8214210) 
thrown [s\open\src\hotspot\share\interpreter\linkResolver.cpp, line 773]
Event: 0.552 Thread 0x000001d96822c600 Exception <a 'java/lang/NoSuchMethodError'{0x00000000a8019f58}: 'java.lang.Object java.lang.invoke.DirectMethodHandle$Holder.newInvokeSpecial(java.lang.Object, java.lang.Object, java.lang.Object, int, int, int, int, int)'> (0x00000000a8019f58) 
thrown [s\open\src\hotspot\share\interpreter\linkResolver.cpp, line 773]
Event: 0.581 Thread 0x000001d95d346670 Exception <a 'java/lang/NoSuchMethodError'{0x00000000a85fa4d8}: 'void java.lang.invoke.DirectMethodHandle$Holder.invokeVirtual(java.lang.Object, java.lang.Object)'> (0x00000000a85fa4d8) 
thrown [s\open\src\hotspot\share\interpreter\linkResolver.cpp, line 773]
Event: 0.648 Thread 0x000001d95e788ef0 Exception <a 'java/lang/NoSuchMethodError'{0x00000000a825ff40}: 'void java.lang.invoke.DirectMethodHandle$Holder.invokeStaticInit(java.lang.Object)'> (0x00000000a825ff40) 
thrown [s\open\src\hotspot\share\interpreter\linkResolver.cpp, line 773]
Event: 1.729 Thread 0x000001d95e788ef0 Exception <a 'java/io/FileNotFoundException'{0x00000000a7f84358}> (0x00000000a7f84358) 
thrown [s\open\src\hotspot\share\prims\jni.cpp, line 520]
Event: 1.765 Thread 0x000001d95e788ef0 Exception <a 'java/io/FileNotFoundException'{0x00000000a7fa1680}> (0x00000000a7fa1680) 
thrown [s\open\src\hotspot\share\prims\jni.cpp, line 520]
Event: 1.767 Thread 0x000001d95e788ef0 Exception <a 'java/io/FileNotFoundException'{0x00000000a7fa79b8}> (0x00000000a7fa79b8) 
thrown [s\open\src\hotspot\share\prims\jni.cpp, line 520]

ZGC Phase Switch (0 events):
No events

VM Operations (20 events):
Event: 8.066 Executing VM operation: Cleanup
Event: 8.066 Executing VM operation: Cleanup done
Event: 9.091 Executing VM operation: HandshakeAllThreads (Deoptimize)
Event: 9.091 Executing VM operation: HandshakeAllThreads (Deoptimize) done
Event: 9.311 Executing VM operation: HandshakeAllThreads (Deoptimize)
Event: 9.311 Executing VM operation: HandshakeAllThreads (Deoptimize) done
Event: 9.311 Executing VM operation: Cleanup
Event: 9.311 Executing VM operation: Cleanup done
Event: 10.319 Executing VM operation: Cleanup
Event: 10.319 Executing VM operation: Cleanup done
Event: 12.333 Executing VM operation: Cleanup
Event: 12.333 Executing VM operation: Cleanup done
Event: 14.344 Executing VM operation: Cleanup
Event: 14.344 Executing VM operation: Cleanup done
Event: 15.359 Executing VM operation: Cleanup
Event: 15.359 Executing VM operation: Cleanup done
Event: 17.366 Executing VM operation: Cleanup
Event: 17.366 Executing VM operation: Cleanup done
Event: 18.367 Executing VM operation: Cleanup
Event: 18.367 Executing VM operation: Cleanup done

Events (20 events):
Event: 0.045 Thread 0x000001d917dadb40 Thread added: 0x000001d917dadb40
Event: 0.045 Thread 0x000001d917dae640 Thread added: 0x000001d917dae640
Event: 0.045 Thread 0x000001d917db39e0 Thread added: 0x000001d917db39e0
Event: 0.045 Thread 0x000001d917db5510 Thread added: 0x000001d917db5510
Event: 0.045 Thread 0x000001d917dbc080 Thread added: 0x000001d917dbc080
Event: 0.045 Thread 0x000001d917dc1590 Thread added: 0x000001d917dc1590
Event: 0.070 Thread 0x000001d917d6fac0 Thread added: 0x000001d917d6fac0
Event: 0.108 Thread 0x000001d95d183dd0 Thread added: 0x000001d95d183dd0
Event: 0.112 Thread 0x000001d95d2303a0 Thread added: 0x000001d95d2303a0
Event: 0.209 Thread 0x000001d95d334b40 Thread added: 0x000001d95d334b40
Event: 0.211 Thread 0x000001d95d346000 Thread added: 0x000001d95d346000
Event: 0.212 Thread 0x000001d95d346670 Thread added: 0x000001d95d346670
Event: 0.335 Thread 0x000001d95e788ef0 Thread added: 0x000001d95e788ef0
Event: 0.335 Thread 0x000001d97be89050 Thread exited: 0x000001d97be89050
Event: 0.335 Thread 0x000001d97be89050 Thread added: 0x000001d97be89050
Event: 0.452 Thread 0x000001d95d2303a0 Thread exited: 0x000001d95d2303a0
Event: 0.497 Thread 0x000001d96822c600 Thread added: 0x000001d96822c600
Event: 6.014 Thread 0x000001d95d2079f0 Thread added: 0x000001d95d2079f0
Event: 9.055 Thread 0x000001d96822c600 Thread exited: 0x000001d96822c600
Event: 9.366 Thread 0x000001d9697186e0 Thread added: 0x000001d9697186e0


Dynamic libraries:
0x00007ff6f1790000 - 0x00007ff6f17a0000 	C:\Program Files\Java\jdk-21\bin\java.exe
0x00007ffe1c5c0000 - 0x00007ffe1c823000 	C:\WINDOWS\SYSTEM32\ntdll.dll
0x00007ffe1a560000 - 0x00007ffe1a628000 	C:\WINDOWS\System32\KERNEL32.DLL
0x00007ffe19a50000 - 0x00007ffe19e02000 	C:\WINDOWS\System32\KERNELBASE.dll
0x00007ffe19f40000 - 0x00007ffe1a08b000 	C:\WINDOWS\System32\ucrtbase.dll
0x00007ffe079b0000 - 0x00007ffe079cb000 	C:\Program Files\Java\jdk-21\bin\VCRUNTIME140.dll
0x00007ffe10b10000 - 0x00007ffe10b29000 	C:\Program Files\Java\jdk-21\bin\jli.dll
0x00007ffe1bb30000 - 0x00007ffe1bbe4000 	C:\WINDOWS\System32\ADVAPI32.dll
0x00007ffe1bbf0000 - 0x00007ffe1bc99000 	C:\WINDOWS\System32\msvcrt.dll
0x00007ffe1b6c0000 - 0x00007ffe1b766000 	C:\WINDOWS\System32\sechost.dll
0x00007ffe1a7f0000 - 0x00007ffe1a906000 	C:\WINDOWS\System32\RPCRT4.dll
0x00007ffe1b4f0000 - 0x00007ffe1b6b8000 	C:\WINDOWS\System32\USER32.dll
0x00007ffdf8ce0000 - 0x00007ffdf8f70000 	C:\WINDOWS\WinSxS\amd64_microsoft.windows.common-controls_6595b64144ccf1df_6.0.26100.2454_none_3e0b68a2e331ad60\COMCTL32.dll
0x00007ffe1a1c0000 - 0x00007ffe1a1e7000 	C:\WINDOWS\System32\win32u.dll
0x00007ffe1a630000 - 0x00007ffe1a65a000 	C:\WINDOWS\System32\GDI32.dll
0x00007ffe1a090000 - 0x00007ffe1a1bb000 	C:\WINDOWS\System32\gdi32full.dll
0x00007ffe1a370000 - 0x00007ffe1a413000 	C:\WINDOWS\System32\msvcp_win.dll
0x00007ffe0ff90000 - 0x00007ffe0ff9b000 	C:\WINDOWS\SYSTEM32\VERSION.dll
0x00007ffe1a7b0000 - 0x00007ffe1a7df000 	C:\WINDOWS\System32\IMM32.DLL
0x00007ffe088f0000 - 0x00007ffe088fc000 	C:\Program Files\Java\jdk-21\bin\vcruntime140_1.dll
0x00007ffdd8bb0000 - 0x00007ffdd8c3e000 	C:\Program Files\Java\jdk-21\bin\msvcp140.dll
0x00007ffdcd1e0000 - 0x00007ffdcdef5000 	C:\Program Files\Java\jdk-21\bin\server\jvm.dll
0x00007ffe1ae40000 - 0x00007ffe1aeb4000 	C:\WINDOWS\System32\WS2_32.dll
0x00007ffe19660000 - 0x00007ffe196ae000 	C:\WINDOWS\SYSTEM32\POWRPROF.dll
0x00007ffe0f240000 - 0x00007ffe0f276000 	C:\WINDOWS\SYSTEM32\WINMM.dll
0x00007ffe19640000 - 0x00007ffe19654000 	C:\WINDOWS\SYSTEM32\UMPDC.dll
0x00007ffe187d0000 - 0x00007ffe187ea000 	C:\WINDOWS\SYSTEM32\kernel.appcore.dll
0x00007ffdec180000 - 0x00007ffdec18a000 	C:\Program Files\Java\jdk-21\bin\jimage.dll
0x00007ffe17280000 - 0x00007ffe174c1000 	C:\WINDOWS\SYSTEM32\DBGHELP.DLL
0x00007ffe1aab0000 - 0x00007ffe1ae2e000 	C:\WINDOWS\System32\combase.dll
0x00007ffe1a420000 - 0x00007ffe1a4f6000 	C:\WINDOWS\System32\OLEAUT32.dll
0x00007ffde8980000 - 0x00007ffde89b9000 	C:\WINDOWS\SYSTEM32\dbgcore.DLL
0x00007ffe19ea0000 - 0x00007ffe19f39000 	C:\WINDOWS\System32\bcryptPrimitives.dll
0x00007ffde3fe0000 - 0x00007ffde3fff000 	C:\Program Files\Java\jdk-21\bin\java.dll
0x00007ffe1bca0000 - 0x00007ffe1c3a0000 	C:\WINDOWS\System32\SHELL32.dll
0x00007ffe176a0000 - 0x00007ffe17ed1000 	C:\WINDOWS\SYSTEM32\windows.storage.dll
0x00007ffe1aec0000 - 0x00007ffe1af9a000 	C:\WINDOWS\System32\SHCORE.dll
0x00007ffe1b480000 - 0x00007ffe1b4dd000 	C:\WINDOWS\System32\shlwapi.dll
0x00007ffe198a0000 - 0x00007ffe198ce000 	C:\WINDOWS\SYSTEM32\profapi.dll
0x00007ffdda1f0000 - 0x00007ffdda2c7000 	C:\Program Files\Java\jdk-21\bin\jsvml.dll
0x00007ffde93f0000 - 0x00007ffde9400000 	C:\Program Files\Java\jdk-21\bin\net.dll
0x00007ffe14fd0000 - 0x00007ffe150f6000 	C:\WINDOWS\SYSTEM32\WINHTTP.dll
0x00007ffe18cd0000 - 0x00007ffe18d38000 	C:\WINDOWS\system32\mswsock.dll
0x00007ffde2520000 - 0x00007ffde2536000 	C:\Program Files\Java\jdk-21\bin\nio.dll
0x00007ffddf280000 - 0x00007ffddf298000 	C:\Program Files\Java\jdk-21\bin\zip.dll
0x00007ffdd10a0000 - 0x00007ffdd122f000 	C:\Program Files\Java\jdk-21\bin\awt.dll
0x00007ffe14ef0000 - 0x00007ffe14f8c000 	C:\WINDOWS\SYSTEM32\apphelp.dll
0x00007ffe16720000 - 0x00007ffe167cd000 	C:\WINDOWS\system32\uxtheme.dll
0x00007ffe1b910000 - 0x00007ffe1ba6c000 	C:\WINDOWS\System32\MSCTF.dll
0x00007ffe1a910000 - 0x00007ffe1aaa9000 	C:\WINDOWS\System32\ole32.dll
0x00007ffe16a60000 - 0x00007ffe16a8e000 	C:\WINDOWS\system32\DWMAPI.DLL
0x00007ffdd59c0000 - 0x00007ffdd5a47000 	C:\Program Files\Java\jdk-21\bin\freetype.dll
0x00007ffdd5540000 - 0x00007ffdd5613000 	C:\Program Files\Java\jdk-21\bin\fontmanager.dll
0x00007ffded420000 - 0x00007ffded52c000 	C:\WINDOWS\system32\opengl32.dll
0x00007ffe04030000 - 0x00007ffe0405d000 	C:\WINDOWS\SYSTEM32\GLU32.dll
0x00007ffe16890000 - 0x00007ffe168d7000 	C:\WINDOWS\SYSTEM32\dxcore.dll
0x00007ffded530000 - 0x00007ffded6d6000 	C:\WINDOWS\system32\d3d9.dll
0x00007ffe0f280000 - 0x00007ffe0f43b000 	C:\WINDOWS\System32\DriverStore\FileRepository\u0405079.inf_amd64_858a81915c59764d\B403900\aticfx64.dll
0x00007ffdc4430000 - 0x00007ffdc72f3000 	C:\WINDOWS\System32\DriverStore\FileRepository\u0405079.inf_amd64_858a81915c59764d\B403900\amdxn64.dll
0x00007ffe1aff0000 - 0x00007ffe1b476000 	C:\WINDOWS\System32\SETUPAPI.dll
0x00007ffe16900000 - 0x00007ffe16a2b000 	C:\WINDOWS\SYSTEM32\dxgi.dll
0x00007ffe16830000 - 0x00007ffe1688c000 	C:\WINDOWS\SYSTEM32\directxdatabasehelper.dll
0x00007ffe19580000 - 0x00007ffe195df000 	C:\WINDOWS\SYSTEM32\cfgmgr32.dll
0x00007ffe191b0000 - 0x00007ffe191d6000 	C:\WINDOWS\SYSTEM32\BCrypt.dll
0x00007ffe09560000 - 0x00007ffe09595000 	C:\WINDOWS\SYSTEM32\amdihk64.dll
0x00007ffe1a700000 - 0x00007ffe1a7a8000 	C:\WINDOWS\System32\clbcatq.dll
0x00007ffe16400000 - 0x00007ffe1662e000 	C:\WINDOWS\SYSTEM32\WindowsCodecs.dll
0x00007ffe07020000 - 0x00007ffe0707a000 	C:\WINDOWS\system32\dataexchange.dll
0x00007ffe12190000 - 0x00007ffe123c7000 	C:\WINDOWS\system32\twinapi.appcore.dll
0x00007ffe06ed0000 - 0x00007ffe07016000 	C:\WINDOWS\SYSTEM32\textinputframework.dll
0x00007ffe14a70000 - 0x00007ffe14b95000 	C:\WINDOWS\SYSTEM32\CoreMessaging.dll
0x00007ffe0f8a0000 - 0x00007ffe0fb83000 	C:\WINDOWS\SYSTEM32\CoreUIComponents.dll
0x00007ffe15150000 - 0x00007ffe152b8000 	C:\WINDOWS\SYSTEM32\wintypes.dll
0x00007ffe18f90000 - 0x00007ffe18f9c000 	C:\WINDOWS\SYSTEM32\CRYPTBASE.DLL

dbghelp: loaded successfully - version: 4.0.5 - missing functions: none
symbol engine: initialized successfully - sym options: 0x614 - pdb path: .;C:\Program Files\Java\jdk-21\bin;C:\WINDOWS\SYSTEM32;C:\WINDOWS\WinSxS\amd64_microsoft.windows.common-controls_6595b64144ccf1df_6.0.26100.2454_none_3e0b68a2e331ad60;C:\Program Files\Java\jdk-21\bin\server;C:\WINDOWS\System32\DriverStore\FileRepository\u0405079.inf_amd64_858a81915c59764d\B403900

VM Arguments:
jvm_args: -Dfile.encoding=UTF-8 --module-path=C:\Users\user\Documents\NetBeansProjects\project_UAS\build\classes 
java_command: uts.login
java_class_path (initial): D:\Aplikasi\mysql-connector-j-9.1.0\mysql-connector-j-9.1.0\mysql-connector-j-9.1.0.jar;D:\Aplikasi\netbeans\NetBeans-21\netbeans\java\modules\ext\AbsoluteLayout.jar;C:\Users\user\Downloads\itextpdf-5.5.13.4.jar;C:\Users\user\Documents\NetBeansProjects\project_UAS\build\classes
Launcher Type: SUN_STANDARD

[Global flags]
     intx CICompilerCount                          = 4                                         {product} {ergonomic}
     uint ConcGCThreads                            = 2                                         {product} {ergonomic}
     uint G1ConcRefinementThreads                  = 8                                         {product} {ergonomic}
   size_t G1HeapRegionSize                         = 1048576                                   {product} {ergonomic}
    uintx GCDrainStackTargetSize                   = 64                                        {product} {ergonomic}
   size_t InitialHeapSize                          = 98566144                                  {product} {ergonomic}
   size_t MarkStackSize                            = 4194304                                   {product} {ergonomic}
   size_t MaxHeapSize                              = 1564475392                                {product} {ergonomic}
   size_t MaxNewSize                               = 938475520                                 {product} {ergonomic}
   size_t MinHeapDeltaBytes                        = 1048576                                   {product} {ergonomic}
   size_t MinHeapSize                              = 8388608                                   {product} {ergonomic}
    uintx NonNMethodCodeHeapSize                   = 5839372                                {pd product} {ergonomic}
    uintx NonProfiledCodeHeapSize                  = 122909434                              {pd product} {ergonomic}
    uintx ProfiledCodeHeapSize                     = 122909434                              {pd product} {ergonomic}
    uintx ReservedCodeCacheSize                    = 251658240                              {pd product} {ergonomic}
     bool SegmentedCodeCache                       = true                                      {product} {ergonomic}
   size_t SoftMaxHeapSize                          = 1564475392                             {manageable} {ergonomic}
     bool UseCompressedOops                        = true                           {product lp64_product} {ergonomic}
     bool UseG1GC                                  = true                                      {product} {ergonomic}
     bool UseLargePagesIndividualAllocation        = false                                  {pd product} {ergonomic}

Logging:
Log output configuration:
 #0: stdout all=warning uptime,level,tags foldmultilines=false
 #1: stderr all=off uptime,level,tags foldmultilines=false

Environment Variables:
PATH=C:\Program Files\Common Files\Oracle\Java\javapath;C:\WINDOWS\system32;C:\WINDOWS;C:\WINDOWS\System32\Wbem;C:\WINDOWS\System32\WindowsPowerShell\v1.0\;C:\WINDOWS\System32\OpenSSH\;C:\MinGW\bin;C:\Program Files\Java\jdk-21\bin;D:\Python\Anaconda\Scripts\;D:\Python\Anaconda\;C:\Program Files\Docker\Docker\resources\bin;C:\Program Files\Git\cmd;D:\Aplikasi\node\;C:\Users\user\AppData\Local\Microsoft\WindowsApps;C:\Users\user\AppData\Local\Programs\Microsoft VS Code\bin;C:\Program Files\Java\jdk-21\bin;C:\Users\user\AppData\Roaming\npm;
USERNAME=user
OS=Windows_NT
PROCESSOR_IDENTIFIER=AMD64 Family 23 Model 160 Stepping 0, AuthenticAMD
TMP=C:\Users\user\AppData\Local\Temp
TEMP=C:\Users\user\AppData\Local\Temp




Periodic native trim disabled

---------------  S Y S T E M  ---------------

OS:
 Windows 11 , 64 bit Build 26100 (10.0.26100.2454)
OS uptime: 1 days 0:27 hours
Hyper-V role detected

CPU: total 8 (initial active 8) (8 cores per cpu, 2 threads per core) family 23 model 160 stepping 0 microcode 0x8a00006, cx8, cmov, fxsr, ht, mmx, 3dnowpref, sse, sse2, sse3, ssse3, sse4a, sse4.1, sse4.2, popcnt, lzcnt, tsc, tscinvbit, avx, avx2, aes, clmul, bmi1, bmi2, adx, sha, fma, vzeroupper, clflush, clflushopt, hv, rdtscp, rdpid, f16c
Processor Information for all 8 processors :
  Max Mhz: 2801, Current Mhz: 2801, Mhz Limit: 2801

Memory: 4k page, system-wide physical 5965M (634M free)
TotalPageFile size 24397M (AvailPageFile size 4M)
current process WorkingSet (physical memory assigned to process): 137M, peak: 137M
current process commit charge ("private bytes"): 269M, peak: 269M

vm_info: Java HotSpot(TM) 64-Bit Server VM (21.0.1+12-LTS-29) for windows-amd64 JRE (21.0.1+12-LTS-29), built on 2023-10-05T13:27:09Z by "mach5one" with MS VC++ 17.1 (VS2022)

END.
